Flow report for SixteenByEightRF
Fri Oct 14 09:17:03 2022
Quartus Prime Version 20.1.0 Build 711 06/05/2020 SJ Lite Edition


---------------------
; Table of Contents ;
---------------------
  1. Legal Notice
  2. Flow Summary
  3. Flow Settings
  4. Flow Non-Default Global Settings
  5. Flow Elapsed Time
  6. Flow OS Summary
  7. Flow Log
  8. Flow Messages
  9. Flow Suppressed Messages



----------------
; Legal Notice ;
----------------
Copyright (C) 2020  Intel Corporation. All rights reserved.
Your use of Intel Corporation's design tools, logic functions 
and other software and tools, and any partner logic 
functions, and any output files from any of the foregoing 
(including device programming or simulation files), and any 
associated documentation or information are expressly subject 
to the terms and conditions of the Intel Program License 
Subscription Agreement, the Intel Quartus Prime License Agreement,
the Intel FPGA IP License Agreement, or other applicable license
agreement, including, without limitation, that your use is for
the sole purpose of programming logic devices manufactured by
Intel and sold by Intel or its authorized distributors.  Please
refer to the applicable agreement for further details, at
https://fpgasoftware.intel.com/eula.



+-------------------------------------------------------------------------------+
; Flow Summary                                                                  ;
+---------------------------------+---------------------------------------------+
; Flow Status                     ; Successful - Fri Oct 14 09:17:03 2022       ;
; Quartus Prime Version           ; 20.1.0 Build 711 06/05/2020 SJ Lite Edition ;
; Revision Name                   ; SixteenByEightRF                            ;
; Top-level Entity Name           ; SixteenByEightRF                            ;
; Family                          ; Cyclone V                                   ;
; Device                          ; 5CSEBA6U23I7                                ;
; Timing Models                   ; Final                                       ;
; Logic utilization (in ALMs)     ; N/A                                         ;
; Total registers                 ; 128                                         ;
; Total pins                      ; 38                                          ;
; Total virtual pins              ; 0                                           ;
; Total block memory bits         ; 0                                           ;
; Total DSP Blocks                ; 0                                           ;
; Total HSSI RX PCSs              ; 0                                           ;
; Total HSSI PMA RX Deserializers ; 0                                           ;
; Total HSSI TX PCSs              ; 0                                           ;
; Total HSSI PMA TX Serializers   ; 0                                           ;
; Total PLLs                      ; 0                                           ;
; Total DLLs                      ; 0                                           ;
+---------------------------------+---------------------------------------------+


+-----------------------------------------+
; Flow Settings                           ;
+-------------------+---------------------+
; Option            ; Setting             ;
+-------------------+---------------------+
; Start date & time ; 10/14/2022 09:10:55 ;
; Main task         ; Compilation         ;
; Revision Name     ; SixteenByEightRF    ;
+-------------------+---------------------+


+------------------------------------------------------------------------------------------------------------------------------------------------------------------------------------------------------------------------------------------------------------------+
; Flow Non-Default Global Settings                                                                                                                                                                                                                                 ;
+-------------------------------------+----------------------------------------------------------------------------------------------------------------------------------------------------------+---------------+-------------+-----------------------------------+
; Assignment Name                     ; Value                                                                                                                                                    ; Default Value ; Entity Name ; Section Id                        ;
+-------------------------------------+----------------------------------------------------------------------------------------------------------------------------------------------------------+---------------+-------------+-----------------------------------+
; COMPILER_SIGNATURE_ID               ; 1098578195618.166569905539536                                                                                                                            ; --            ; --          ; --                                ;
; EDA_GENERATE_FUNCTIONAL_NETLIST     ; Off                                                                                                                                                      ; --            ; --          ; eda_board_design_timing           ;
; EDA_GENERATE_FUNCTIONAL_NETLIST     ; Off                                                                                                                                                      ; --            ; --          ; eda_board_design_boundary_scan    ;
; EDA_GENERATE_FUNCTIONAL_NETLIST     ; Off                                                                                                                                                      ; --            ; --          ; eda_board_design_signal_integrity ;
; EDA_GENERATE_FUNCTIONAL_NETLIST     ; Off                                                                                                                                                      ; --            ; --          ; eda_board_design_symbol           ;
; EDA_OUTPUT_DATA_FORMAT              ; Verilog Hdl                                                                                                                                              ; --            ; --          ; eda_simulation                    ;
; EDA_SIMULATION_TOOL                 ; ModelSim-Altera (Verilog)                                                                                                                                ; <None>        ; --          ; --                                ;
; EDA_TIME_SCALE                      ; 1 ps                                                                                                                                                     ; --            ; --          ; eda_simulation                    ;
; MAX_CORE_JUNCTION_TEMP              ; 100                                                                                                                                                      ; --            ; --          ; --                                ;
; MIN_CORE_JUNCTION_TEMP              ; -40                                                                                                                                                      ; --            ; --          ; --                                ;
; PARTITION_COLOR                     ; -- (Not supported for targeted family)                                                                                                                   ; --            ; --          ; Top                               ;
; PARTITION_FITTER_PRESERVATION_LEVEL ; -- (Not supported for targeted family)                                                                                                                   ; --            ; --          ; Top                               ;
; PARTITION_NETLIST_TYPE              ; -- (Not supported for targeted family)                                                                                                                   ; --            ; --          ; Top                               ;
; POWER_BOARD_THERMAL_MODEL           ; None (CONSERVATIVE)                                                                                                                                      ; --            ; --          ; --                                ;
; POWER_PRESET_COOLING_SOLUTION       ; 23 MM HEAT SINK WITH 200 LFPM AIRFLOW                                                                                                                    ; --            ; --          ; --                                ;
; PROJECT_OUTPUT_DIRECTORY            ; output_files                                                                                                                                             ; --            ; --          ; --                                ;
; SEARCH_PATH                         ; ../reg4bit                                                                                                                                               ; --            ; --          ; --                                ;
; SEARCH_PATH                         ; ../sixteenway8bitmux                                                                                                                                     ; --            ; --          ; --                                ;
; SEARCH_PATH                         ; ../sixteenwayeightbitmultiplexer                                                                                                                         ; --            ; --          ; --                                ;
; SEARCH_PATH                         ; c:\users\sneha\onedrive\documents\datapath01comp\reg8bit                                                                                                 ; --            ; --          ; --                                ;
; SEARCH_PATH                         ; c:\users\sneha\onedrive - rmit university\rmit\05 semester 2, 2022\eeet2261 computer architecture and organisation\lab\laboratory 3\decoder              ; --            ; --          ; --                                ;
; SEARCH_PATH                         ; c:\users\sneha\onedrive - rmit university\rmit\05 semester 2, 2022\eeet2261 computer architecture and organisation\lab\laboratory 3\fourtosixteendecoder ; --            ; --          ; --                                ;
+-------------------------------------+----------------------------------------------------------------------------------------------------------------------------------------------------------+---------------+-------------+-----------------------------------+


+--------------------------------------------------------------------------------------------------------------------------+
; Flow Elapsed Time                                                                                                        ;
+----------------------+--------------+-------------------------+---------------------+------------------------------------+
; Module Name          ; Elapsed Time ; Average Processors Used ; Peak Virtual Memory ; Total CPU Time (on all processors) ;
+----------------------+--------------+-------------------------+---------------------+------------------------------------+
; Analysis & Synthesis ; 00:00:16     ; 1.0                     ; 4815 MB             ; 00:00:25                           ;
; EDA Netlist Writer   ; 00:00:00     ; 1.0                     ; 4719 MB             ; 00:00:00                           ;
; EDA Netlist Writer   ; 00:00:00     ; 1.0                     ; 4724 MB             ; 00:00:01                           ;
; EDA Netlist Writer   ; 00:00:01     ; 1.0                     ; 4720 MB             ; 00:00:00                           ;
; EDA Netlist Writer   ; 00:00:01     ; 1.0                     ; 4724 MB             ; 00:00:01                           ;
; EDA Netlist Writer   ; 00:00:01     ; 1.0                     ; 4720 MB             ; 00:00:00                           ;
; EDA Netlist Writer   ; 00:00:01     ; 1.0                     ; 4724 MB             ; 00:00:01                           ;
; EDA Netlist Writer   ; 00:00:00     ; 1.0                     ; 4720 MB             ; 00:00:01                           ;
; EDA Netlist Writer   ; 00:00:00     ; 1.0                     ; 4724 MB             ; 00:00:01                           ;
; Total                ; 00:00:20     ; --                      ; --                  ; 00:00:30                           ;
+----------------------+--------------+-------------------------+---------------------+------------------------------------+


+------------------------------------------------------------------------------------+
; Flow OS Summary                                                                    ;
+----------------------+------------------+------------+------------+----------------+
; Module Name          ; Machine Hostname ; OS Name    ; OS Version ; Processor type ;
+----------------------+------------------+------------+------------+----------------+
; Analysis & Synthesis ; LAPTOP-G5S1JQ6N  ; Windows 10 ; 10.0       ; x86_64         ;
; EDA Netlist Writer   ; LAPTOP-G5S1JQ6N  ; Windows 10 ; 10.0       ; x86_64         ;
; EDA Netlist Writer   ; LAPTOP-G5S1JQ6N  ; Windows 10 ; 10.0       ; x86_64         ;
; EDA Netlist Writer   ; LAPTOP-G5S1JQ6N  ; Windows 10 ; 10.0       ; x86_64         ;
; EDA Netlist Writer   ; LAPTOP-G5S1JQ6N  ; Windows 10 ; 10.0       ; x86_64         ;
; EDA Netlist Writer   ; LAPTOP-G5S1JQ6N  ; Windows 10 ; 10.0       ; x86_64         ;
; EDA Netlist Writer   ; LAPTOP-G5S1JQ6N  ; Windows 10 ; 10.0       ; x86_64         ;
; EDA Netlist Writer   ; LAPTOP-G5S1JQ6N  ; Windows 10 ; 10.0       ; x86_64         ;
; EDA Netlist Writer   ; LAPTOP-G5S1JQ6N  ; Windows 10 ; 10.0       ; x86_64         ;
+----------------------+------------------+------------+------------+----------------+


------------
; Flow Log ;
------------
quartus_map --read_settings_files=on --write_settings_files=off SixteenByEightRF -c SixteenByEightRF
quartus_eda --gen_testbench --tool=modelsim_oem --format=verilog --write_settings_files=off SixteenByEightRF -c SixteenByEightRF --vector_source=C:/Users/sneha/OneDrive/Documents/DATAPATH01comp/SixteenByEightRF/Waveform.vwf --testbench_file=C:/Users/sneha/OneDrive/Documents/DATAPATH01comp/SixteenByEightRF/simulation/qsim/Waveform.vwf.vt
quartus_eda --write_settings_files=off --simulation=on --functional=on --flatten_buses=off --tool=modelsim_oem --format=verilog --output_directory=C:/Users/sneha/OneDrive/Documents/DATAPATH01comp/SixteenByEightRF/simulation/qsim/ SixteenByEightRF -c SixteenByEightRF
quartus_eda --gen_testbench --tool=modelsim_oem --format=verilog --write_settings_files=off SixteenByEightRF -c SixteenByEightRF --vector_source=C:/Users/sneha/OneDrive/Documents/DATAPATH01comp/SixteenByEightRF/Waveform.vwf --testbench_file=C:/Users/sneha/OneDrive/Documents/DATAPATH01comp/SixteenByEightRF/simulation/qsim/Waveform.vwf.vt
quartus_eda --write_settings_files=off --simulation=on --functional=on --flatten_buses=off --tool=modelsim_oem --format=verilog --output_directory=C:/Users/sneha/OneDrive/Documents/DATAPATH01comp/SixteenByEightRF/simulation/qsim/ SixteenByEightRF -c SixteenByEightRF
quartus_eda --gen_testbench --tool=modelsim_oem --format=verilog --write_settings_files=off SixteenByEightRF -c SixteenByEightRF --vector_source=C:/Users/sneha/OneDrive/Documents/DATAPATH01comp/SixteenByEightRF/Waveform.vwf --testbench_file=C:/Users/sneha/OneDrive/Documents/DATAPATH01comp/SixteenByEightRF/simulation/qsim/Waveform.vwf.vt
quartus_eda --write_settings_files=off --simulation=on --functional=on --flatten_buses=off --tool=modelsim_oem --format=verilog --output_directory=C:/Users/sneha/OneDrive/Documents/DATAPATH01comp/SixteenByEightRF/simulation/qsim/ SixteenByEightRF -c SixteenByEightRF
quartus_eda --gen_testbench --tool=modelsim_oem --format=verilog --write_settings_files=off SixteenByEightRF -c SixteenByEightRF --vector_source=C:/Users/sneha/OneDrive/Documents/DATAPATH01comp/SixteenByEightRF/Waveform.vwf --testbench_file=C:/Users/sneha/OneDrive/Documents/DATAPATH01comp/SixteenByEightRF/simulation/qsim/Waveform.vwf.vt
quartus_eda --write_settings_files=off --simulation=on --functional=on --flatten_buses=off --tool=modelsim_oem --format=verilog --output_directory=C:/Users/sneha/OneDrive/Documents/DATAPATH01comp/SixteenByEightRF/simulation/qsim/ SixteenByEightRF -c SixteenByEightRF



