Analysis & Synthesis report for DATAPATH02
Thu Oct 13 16:45:32 2022
Quartus Prime Version 20.1.0 Build 711 06/05/2020 SJ Lite Edition


---------------------
; Table of Contents ;
---------------------
  1. Legal Notice
  2. Analysis & Synthesis Summary
  3. Analysis & Synthesis Settings
  4. Parallel Compilation
  5. Analysis & Synthesis Source Files Read
  6. Analysis & Synthesis Resource Usage Summary
  7. Analysis & Synthesis Resource Utilization by Entity
  8. Analysis & Synthesis RAM Summary
  9. Registers Removed During Synthesis
 10. General Register Statistics
 11. Source assignments for LPM_ROM:inst2|altrom:srom|altsyncram:rom_block|altsyncram_3191:auto_generated
 12. Source assignments for LPM_ROM:inst3|altrom:srom|altsyncram:rom_block|altsyncram_3r81:auto_generated
 13. Parameter Settings for User Entity Instance: LPM_ROM:inst2
 14. Parameter Settings for User Entity Instance: LPM_ROM:inst3
 15. Post-Synthesis Netlist Statistics for Top Partition
 16. Elapsed Time Per Partition
 17. Analysis & Synthesis Messages



----------------
; Legal Notice ;
----------------
Copyright (C) 2020  Intel Corporation. All rights reserved.
Your use of Intel Corporation's design tools, logic functions 
and other software and tools, and any partner logic 
functions, and any output files from any of the foregoing 
(including device programming or simulation files), and any 
associated documentation or information are expressly subject 
to the terms and conditions of the Intel Program License 
Subscription Agreement, the Intel Quartus Prime License Agreement,
the Intel FPGA IP License Agreement, or other applicable license
agreement, including, without limitation, that your use is for
the sole purpose of programming logic devices manufactured by
Intel and sold by Intel or its authorized distributors.  Please
refer to the applicable agreement for further details, at
https://fpgasoftware.intel.com/eula.



+-------------------------------------------------------------------------------+
; Analysis & Synthesis Summary                                                  ;
+---------------------------------+---------------------------------------------+
; Analysis & Synthesis Status     ; Successful - Thu Oct 13 16:45:32 2022       ;
; Quartus Prime Version           ; 20.1.0 Build 711 06/05/2020 SJ Lite Edition ;
; Revision Name                   ; DATAPATH02                                  ;
; Top-level Entity Name           ; DATAPATH02                                  ;
; Family                          ; Cyclone V                                   ;
; Logic utilization (in ALMs)     ; N/A                                         ;
; Total registers                 ; 0                                           ;
; Total pins                      ; 56                                          ;
; Total virtual pins              ; 0                                           ;
; Total block memory bits         ; 640                                         ;
; Total DSP Blocks                ; 0                                           ;
; Total HSSI RX PCSs              ; 0                                           ;
; Total HSSI PMA RX Deserializers ; 0                                           ;
; Total HSSI TX PCSs              ; 0                                           ;
; Total HSSI PMA TX Serializers   ; 0                                           ;
; Total PLLs                      ; 0                                           ;
; Total DLLs                      ; 0                                           ;
+---------------------------------+---------------------------------------------+


+---------------------------------------------------------------------------------------------------------------------------+
; Analysis & Synthesis Settings                                                                                             ;
+---------------------------------------------------------------------------------+--------------------+--------------------+
; Option                                                                          ; Setting            ; Default Value      ;
+---------------------------------------------------------------------------------+--------------------+--------------------+
; Device                                                                          ; 5CSEBA6U23I7       ;                    ;
; Top-level entity name                                                           ; DATAPATH02         ; DATAPATH02         ;
; Family name                                                                     ; Cyclone V          ; Cyclone V          ;
; Use smart compilation                                                           ; Off                ; Off                ;
; Enable parallel Assembler and Timing Analyzer during compilation                ; On                 ; On                 ;
; Enable compact report table                                                     ; Off                ; Off                ;
; Restructure Multiplexers                                                        ; Auto               ; Auto               ;
; MLAB Add Timing Constraints For Mixed-Port Feed-Through Mode Setting Don't Care ; Off                ; Off                ;
; Create Debugging Nodes for IP Cores                                             ; Off                ; Off                ;
; Preserve fewer node names                                                       ; On                 ; On                 ;
; Intel FPGA IP Evaluation Mode                                                   ; Enable             ; Enable             ;
; Verilog Version                                                                 ; Verilog_2001       ; Verilog_2001       ;
; VHDL Version                                                                    ; VHDL_1993          ; VHDL_1993          ;
; State Machine Processing                                                        ; Auto               ; Auto               ;
; Safe State Machine                                                              ; Off                ; Off                ;
; Extract Verilog State Machines                                                  ; On                 ; On                 ;
; Extract VHDL State Machines                                                     ; On                 ; On                 ;
; Ignore Verilog initial constructs                                               ; Off                ; Off                ;
; Iteration limit for constant Verilog loops                                      ; 5000               ; 5000               ;
; Iteration limit for non-constant Verilog loops                                  ; 250                ; 250                ;
; Add Pass-Through Logic to Inferred RAMs                                         ; On                 ; On                 ;
; Infer RAMs from Raw Logic                                                       ; On                 ; On                 ;
; Parallel Synthesis                                                              ; On                 ; On                 ;
; DSP Block Balancing                                                             ; Auto               ; Auto               ;
; NOT Gate Push-Back                                                              ; On                 ; On                 ;
; Power-Up Don't Care                                                             ; On                 ; On                 ;
; Remove Redundant Logic Cells                                                    ; Off                ; Off                ;
; Remove Duplicate Registers                                                      ; On                 ; On                 ;
; Ignore CARRY Buffers                                                            ; Off                ; Off                ;
; Ignore CASCADE Buffers                                                          ; Off                ; Off                ;
; Ignore GLOBAL Buffers                                                           ; Off                ; Off                ;
; Ignore ROW GLOBAL Buffers                                                       ; Off                ; Off                ;
; Ignore LCELL Buffers                                                            ; Off                ; Off                ;
; Ignore SOFT Buffers                                                             ; On                 ; On                 ;
; Limit AHDL Integers to 32 Bits                                                  ; Off                ; Off                ;
; Optimization Technique                                                          ; Balanced           ; Balanced           ;
; Carry Chain Length                                                              ; 70                 ; 70                 ;
; Auto Carry Chains                                                               ; On                 ; On                 ;
; Auto Open-Drain Pins                                                            ; On                 ; On                 ;
; Perform WYSIWYG Primitive Resynthesis                                           ; Off                ; Off                ;
; Auto ROM Replacement                                                            ; On                 ; On                 ;
; Auto RAM Replacement                                                            ; On                 ; On                 ;
; Auto DSP Block Replacement                                                      ; On                 ; On                 ;
; Auto Shift Register Replacement                                                 ; Auto               ; Auto               ;
; Allow Shift Register Merging across Hierarchies                                 ; Auto               ; Auto               ;
; Auto Clock Enable Replacement                                                   ; On                 ; On                 ;
; Strict RAM Replacement                                                          ; Off                ; Off                ;
; Allow Synchronous Control Signals                                               ; On                 ; On                 ;
; Force Use of Synchronous Clear Signals                                          ; Off                ; Off                ;
; Auto Resource Sharing                                                           ; Off                ; Off                ;
; Allow Any RAM Size For Recognition                                              ; Off                ; Off                ;
; Allow Any ROM Size For Recognition                                              ; Off                ; Off                ;
; Allow Any Shift Register Size For Recognition                                   ; Off                ; Off                ;
; Use LogicLock Constraints during Resource Balancing                             ; On                 ; On                 ;
; Ignore translate_off and synthesis_off directives                               ; Off                ; Off                ;
; Timing-Driven Synthesis                                                         ; On                 ; On                 ;
; Report Parameter Settings                                                       ; On                 ; On                 ;
; Report Source Assignments                                                       ; On                 ; On                 ;
; Report Connectivity Checks                                                      ; On                 ; On                 ;
; Ignore Maximum Fan-Out Assignments                                              ; Off                ; Off                ;
; Synchronization Register Chain Length                                           ; 3                  ; 3                  ;
; Power Optimization During Synthesis                                             ; Normal compilation ; Normal compilation ;
; HDL message level                                                               ; Level2             ; Level2             ;
; Suppress Register Optimization Related Messages                                 ; Off                ; Off                ;
; Number of Removed Registers Reported in Synthesis Report                        ; 5000               ; 5000               ;
; Number of Swept Nodes Reported in Synthesis Report                              ; 5000               ; 5000               ;
; Number of Inverted Registers Reported in Synthesis Report                       ; 100                ; 100                ;
; Clock MUX Protection                                                            ; On                 ; On                 ;
; Auto Gated Clock Conversion                                                     ; Off                ; Off                ;
; Block Design Naming                                                             ; Auto               ; Auto               ;
; SDC constraint protection                                                       ; Off                ; Off                ;
; Synthesis Effort                                                                ; Auto               ; Auto               ;
; Shift Register Replacement - Allow Asynchronous Clear Signal                    ; On                 ; On                 ;
; Pre-Mapping Resynthesis Optimization                                            ; Off                ; Off                ;
; Analysis & Synthesis Message Level                                              ; Medium             ; Medium             ;
; Disable Register Merging Across Hierarchies                                     ; Auto               ; Auto               ;
; Resource Aware Inference For Block RAM                                          ; On                 ; On                 ;
; Automatic Parallel Synthesis                                                    ; On                 ; On                 ;
; Partial Reconfiguration Bitstream ID                                            ; Off                ; Off                ;
+---------------------------------------------------------------------------------+--------------------+--------------------+


+------------------------------------------+
; Parallel Compilation                     ;
+----------------------------+-------------+
; Processors                 ; Number      ;
+----------------------------+-------------+
; Number detected on machine ; 8           ;
; Maximum allowed            ; 4           ;
;                            ;             ;
; Average used               ; 1.00        ;
; Maximum used               ; 1           ;
;                            ;             ;
; Usage by Processor         ; % Time Used ;
;     Processor 1            ; 100.0%      ;
+----------------------------+-------------+


+------------------------------------------------------------------------------------------------------------------------------------------------------------------------------------------------------------------------+
; Analysis & Synthesis Source Files Read                                                                                                                                                                                 ;
+------------------------------------+-----------------+------------------------------------------+------------------------------------------------------------------------------------------------------------+---------+
; File Name with User-Entered Path   ; Used in Netlist ; File Type                                ; File Name with Absolute Path                                                                               ; Library ;
+------------------------------------+-----------------+------------------------------------------+------------------------------------------------------------------------------------------------------------+---------+
; DATAPATH02.bdf                     ; yes             ; User Block Diagram/Schematic File        ; C:/Users/sneha/OneDrive/Documents/DATAPATH01comp/DATAPATH02/DATAPATH02.bdf                                 ;         ;
; ../../../../Downloads/InstrMem.mif ; yes             ; User Memory Initialization File          ; C:/Users/sneha/Downloads/InstrMem.mif                                                                      ;         ;
; ../../../../Downloads/DataMem.mif  ; yes             ; User Memory Initialization File          ; C:/Users/sneha/Downloads/DataMem.mif                                                                       ;         ;
; lpm_rom.tdf                        ; yes             ; Megafunction                             ; c:/intelfpga_lite/20.1/quartus/libraries/megafunctions/lpm_rom.tdf                                         ;         ;
; altrom.inc                         ; yes             ; Megafunction                             ; c:/intelfpga_lite/20.1/quartus/libraries/megafunctions/altrom.inc                                          ;         ;
; aglobal201.inc                     ; yes             ; Megafunction                             ; c:/intelfpga_lite/20.1/quartus/libraries/megafunctions/aglobal201.inc                                      ;         ;
; altrom.tdf                         ; yes             ; Megafunction                             ; c:/intelfpga_lite/20.1/quartus/libraries/megafunctions/altrom.tdf                                          ;         ;
; memmodes.inc                       ; yes             ; Megafunction                             ; c:/intelfpga_lite/20.1/quartus/libraries/others/maxplus2/memmodes.inc                                      ;         ;
; lpm_decode.inc                     ; yes             ; Megafunction                             ; c:/intelfpga_lite/20.1/quartus/libraries/megafunctions/lpm_decode.inc                                      ;         ;
; lpm_mux.inc                        ; yes             ; Megafunction                             ; c:/intelfpga_lite/20.1/quartus/libraries/megafunctions/lpm_mux.inc                                         ;         ;
; altsyncram.inc                     ; yes             ; Megafunction                             ; c:/intelfpga_lite/20.1/quartus/libraries/megafunctions/altsyncram.inc                                      ;         ;
; altsyncram.tdf                     ; yes             ; Megafunction                             ; c:/intelfpga_lite/20.1/quartus/libraries/megafunctions/altsyncram.tdf                                      ;         ;
; stratix_ram_block.inc              ; yes             ; Megafunction                             ; c:/intelfpga_lite/20.1/quartus/libraries/megafunctions/stratix_ram_block.inc                               ;         ;
; a_rdenreg.inc                      ; yes             ; Megafunction                             ; c:/intelfpga_lite/20.1/quartus/libraries/megafunctions/a_rdenreg.inc                                       ;         ;
; altram.inc                         ; yes             ; Megafunction                             ; c:/intelfpga_lite/20.1/quartus/libraries/megafunctions/altram.inc                                          ;         ;
; altdpram.inc                       ; yes             ; Megafunction                             ; c:/intelfpga_lite/20.1/quartus/libraries/megafunctions/altdpram.inc                                        ;         ;
; db/altsyncram_3191.tdf             ; yes             ; Auto-Generated Megafunction              ; C:/Users/sneha/OneDrive/Documents/DATAPATH01comp/DATAPATH02/db/altsyncram_3191.tdf                         ;         ;
; controlunit.bdf                    ; yes             ; Auto-Found Block Diagram/Schematic File  ; C:/Users/sneha/OneDrive/Documents/DATAPATH01comp/controlunit/controlunit.bdf                               ;         ;
; alu.bdf                            ; yes             ; Auto-Found Block Diagram/Schematic File  ; C:/Users/sneha/OneDrive/Documents/DATAPATH01comp/alu/alu.bdf                                               ;         ;
; eightbitcomparator.bdf             ; yes             ; Auto-Found Block Diagram/Schematic File  ; C:/Users/sneha/OneDrive/Documents/DATAPATH01comp/eightbitcomparator/eightbitcomparator.bdf                 ;         ;
; fourbitcomparator.bdf              ; yes             ; Auto-Found Block Diagram/Schematic File  ; C:/Users/sneha/OneDrive/Documents/DATAPATH01comp/fourbitcomparator/fourbitcomparator.bdf                   ;         ;
; comparator.bdf                     ; yes             ; Auto-Found Block Diagram/Schematic File  ; C:/Users/sneha/OneDrive/Documents/DATAPATH01comp/comparator/comparator.bdf                                 ;         ;
; fourwayeightbitmultiplexer.bdf     ; yes             ; Auto-Found Block Diagram/Schematic File  ; C:/Users/sneha/OneDrive/Documents/DATAPATH01comp/fourwayeightbitmultiplexer/fourwayeightbitmultiplexer.bdf ;         ;
; fourwayfourbitmultiplexer.bdf      ; yes             ; Auto-Found Block Diagram/Schematic File  ; C:/Users/sneha/OneDrive/Documents/DATAPATH01comp/fourwayfourbitmultiplexer/fourwayfourbitmultiplexer.bdf   ;         ;
; fourwayonebitmultiplexer.bdf       ; yes             ; Auto-Found Block Diagram/Schematic File  ; C:/Users/sneha/OneDrive/Documents/DATAPATH01comp/fourwayonebitmultiplexer/fourwayonebitmultiplexer.bdf     ;         ;
; eightbitadder.bdf                  ; yes             ; Auto-Found Block Diagram/Schematic File  ; C:/Users/sneha/OneDrive/Documents/DATAPATH01comp/eightbitadder/eightbitadder.bdf                           ;         ;
; fulladder.bdf                      ; yes             ; Auto-Found Block Diagram/Schematic File  ; C:/Users/sneha/OneDrive/Documents/DATAPATH01comp/lab2fulladder/fulladder.bdf                               ;         ;
; halfadder.bdf                      ; yes             ; Auto-Found Block Diagram/Schematic File  ; C:/Users/sneha/OneDrive/Documents/DATAPATH01comp/lab2/halfadder.bdf                                        ;         ;
; eightbitxor.bdf                    ; yes             ; Auto-Found Block Diagram/Schematic File  ; C:/Users/sneha/OneDrive/Documents/DATAPATH01comp/bitwisexor/eightbitxor.bdf                                ;         ;
; rightshift.bdf                     ; yes             ; Auto-Found Block Diagram/Schematic File  ; C:/Users/sneha/OneDrive/Documents/DATAPATH01comp/rightarithmeticshift/rightshift.bdf                       ;         ;
; regfile16by8bit.bdf                ; yes             ; Auto-Found Block Diagram/Schematic File  ; C:/Users/sneha/OneDrive/Documents/DATAPATH01comp/regfile16by8bit/regfile16by8bit.bdf                       ;         ;
; mux16.bdf                          ; yes             ; Auto-Found Block Diagram/Schematic File  ; C:/Users/sneha/OneDrive/Documents/DATAPATH01comp/mux16/mux16.bdf                                           ;         ;
; mux8bit2way.bdf                    ; yes             ; Auto-Found Block Diagram/Schematic File  ; C:/Users/sneha/OneDrive/Documents/DATAPATH01comp/mux8bit2way/mux8bit2way.bdf                               ;         ;
; mux_bus.bdf                        ; yes             ; Auto-Found Block Diagram/Schematic File  ; C:/Users/sneha/OneDrive/Documents/DATAPATH01comp/mux_bus/mux_bus.bdf                                       ;         ;
; mux1bits2way.bdf                   ; yes             ; Auto-Found Block Diagram/Schematic File  ; C:/Users/sneha/OneDrive/Documents/DATAPATH01comp/mux1bits2way/mux1bits2way.bdf                             ;         ;
; mux8bit4way.bdf                    ; yes             ; Auto-Found Block Diagram/Schematic File  ; C:/Users/sneha/OneDrive/Documents/DATAPATH01comp/mux8bit4way/mux8bit4way.bdf                               ;         ;
; reg8bit.bdf                        ; yes             ; Auto-Found Block Diagram/Schematic File  ; C:/Users/sneha/OneDrive/Documents/DATAPATH01comp/reg8bit/reg8bit.bdf                                       ;         ;
; reg4bit.bdf                        ; yes             ; Auto-Found Block Diagram/Schematic File  ; C:/Users/sneha/OneDrive/Documents/DATAPATH01comp/reg4bit/reg4bit.bdf                                       ;         ;
; dcdr4bit.bdf                       ; yes             ; Auto-Found Block Diagram/Schematic File  ; C:/Users/sneha/OneDrive/Documents/DATAPATH01comp/dcdr4bit/dcdr4bit.bdf                                     ;         ;
; dcdrclkfree.bdf                    ; yes             ; Auto-Found Block Diagram/Schematic File  ; C:/Users/sneha/OneDrive/Documents/DATAPATH01comp/decoderclkfree/dcdrclkfree.bdf                            ;         ;
; demux8bit16way.bdf                 ; yes             ; Auto-Found Block Diagram/Schematic File  ; C:/Users/sneha/OneDrive/Documents/DATAPATH01comp/demux8bit16way/demux8bit16way.bdf                         ;         ;
; demux8bit2way.bdf                  ; yes             ; Auto-Found Block Diagram/Schematic File  ; C:/Users/sneha/OneDrive/Documents/DATAPATH01comp/demux8bit2way/demux8bit2way.bdf                           ;         ;
; demux4bit2way.bdf                  ; yes             ; Auto-Found Block Diagram/Schematic File  ; C:/Users/sneha/OneDrive/Documents/DATAPATH01comp/demux4bit2way/demux4bit2way.bdf                           ;         ;
; demux1i_2o.bdf                     ; yes             ; Auto-Found Block Diagram/Schematic File  ; C:/Users/sneha/OneDrive/Documents/DATAPATH01comp/demux1i_2o/demux1i_2o.bdf                                 ;         ;
; db/altsyncram_3r81.tdf             ; yes             ; Auto-Generated Megafunction              ; C:/Users/sneha/OneDrive/Documents/DATAPATH01comp/DATAPATH02/db/altsyncram_3r81.tdf                         ;         ;
+------------------------------------+-----------------+------------------------------------------+------------------------------------------------------------------------------------------------------------+---------+


+---------------------------------------------------------+
; Analysis & Synthesis Resource Usage Summary             ;
+---------------------------------------------+-----------+
; Resource                                    ; Usage     ;
+---------------------------------------------+-----------+
; Estimate of Logic utilization (ALMs needed) ; 0         ;
;                                             ;           ;
; Combinational ALUT usage for logic          ; 0         ;
;     -- 7 input functions                    ; 0         ;
;     -- 6 input functions                    ; 0         ;
;     -- 5 input functions                    ; 0         ;
;     -- 4 input functions                    ; 0         ;
;     -- <=3 input functions                  ; 0         ;
;                                             ;           ;
; Dedicated logic registers                   ; 0         ;
;                                             ;           ;
; I/O pins                                    ; 56        ;
; Total MLAB memory bits                      ; 0         ;
; Total block memory bits                     ; 640       ;
;                                             ;           ;
; Total DSP Blocks                            ; 0         ;
;                                             ;           ;
; Maximum fan-out node                        ; CLK~input ;
; Maximum fan-out                             ; 20        ;
; Total fan-out                               ; 196       ;
; Average fan-out                             ; 1.48      ;
+---------------------------------------------+-----------+


+------------------------------------------------------------------------------------------------------------------------------------------------------------------------------------------------------------------------------------------------------------------------------------+
; Analysis & Synthesis Resource Utilization by Entity                                                                                                                                                                                                                                ;
+----------------------------------------------+---------------------+---------------------------+-------------------+------------+------+--------------+-------------------------------------------------------------------------------------------+-----------------+--------------+
; Compilation Hierarchy Node                   ; Combinational ALUTs ; Dedicated Logic Registers ; Block Memory Bits ; DSP Blocks ; Pins ; Virtual Pins ; Full Hierarchy Name                                                                       ; Entity Name     ; Library Name ;
+----------------------------------------------+---------------------+---------------------------+-------------------+------------+------+--------------+-------------------------------------------------------------------------------------------+-----------------+--------------+
; |DATAPATH02                                  ; 0 (0)               ; 0 (0)                     ; 640               ; 0          ; 56   ; 0            ; |DATAPATH02                                                                               ; DATAPATH02      ; work         ;
;    |lpm_rom:inst2|                           ; 0 (0)               ; 0 (0)                     ; 640               ; 0          ; 0    ; 0            ; |DATAPATH02|lpm_rom:inst2                                                                 ; lpm_rom         ; work         ;
;       |altrom:srom|                          ; 0 (0)               ; 0 (0)                     ; 640               ; 0          ; 0    ; 0            ; |DATAPATH02|lpm_rom:inst2|altrom:srom                                                     ; altrom          ; work         ;
;          |altsyncram:rom_block|              ; 0 (0)               ; 0 (0)                     ; 640               ; 0          ; 0    ; 0            ; |DATAPATH02|lpm_rom:inst2|altrom:srom|altsyncram:rom_block                                ; altsyncram      ; work         ;
;             |altsyncram_3191:auto_generated| ; 0 (0)               ; 0 (0)                     ; 640               ; 0          ; 0    ; 0            ; |DATAPATH02|lpm_rom:inst2|altrom:srom|altsyncram:rom_block|altsyncram_3191:auto_generated ; altsyncram_3191 ; work         ;
+----------------------------------------------+---------------------+---------------------------+-------------------+------------+------+--------------+-------------------------------------------------------------------------------------------+-----------------+--------------+
Note: For table entries with two numbers listed, the numbers in parentheses indicate the number of resources of the given type used by the specific entity alone. The numbers listed outside of parentheses indicate the total resources of the given type used by the specific entity and all of its sub-entities in the hierarchy.


+-------------------------------------------------------------------------------------------------------------------------------------------------------------------------------------------------------------------+
; Analysis & Synthesis RAM Summary                                                                                                                                                                                  ;
+------------------------------------------------------------------------------------------+------+------+--------------+--------------+--------------+--------------+------+---------------------------------------+
; Name                                                                                     ; Type ; Mode ; Port A Depth ; Port A Width ; Port B Depth ; Port B Width ; Size ; MIF                                   ;
+------------------------------------------------------------------------------------------+------+------+--------------+--------------+--------------+--------------+------+---------------------------------------+
; lpm_rom:inst2|altrom:srom|altsyncram:rom_block|altsyncram_3191:auto_generated|ALTSYNCRAM ; AUTO ; ROM  ; 32           ; 20           ; --           ; --           ; 640  ; C:/Users/sneha/Downloads/InstrMem.mif ;
+------------------------------------------------------------------------------------------+------+------+--------------+--------------+--------------+--------------+------+---------------------------------------+


+-------------------------------------------------------------------------------+
; Registers Removed During Synthesis                                            ;
+----------------------------------------------------------+--------------------+
; Register name                                            ; Reason for Removal ;
+----------------------------------------------------------+--------------------+
; regFile16by8bit:inst4|reg8bit:inst15|reg4bit:inst1|inst  ; Lost fanout        ;
; regFile16by8bit:inst4|reg8bit:inst15|reg4bit:inst1|inst1 ; Lost fanout        ;
; regFile16by8bit:inst4|reg8bit:inst15|reg4bit:inst1|inst2 ; Lost fanout        ;
; regFile16by8bit:inst4|reg8bit:inst15|reg4bit:inst1|inst3 ; Lost fanout        ;
; regFile16by8bit:inst4|reg8bit:inst15|reg4bit:inst|inst   ; Lost fanout        ;
; regFile16by8bit:inst4|reg8bit:inst15|reg4bit:inst|inst1  ; Lost fanout        ;
; regFile16by8bit:inst4|reg8bit:inst15|reg4bit:inst|inst2  ; Lost fanout        ;
; regFile16by8bit:inst4|reg8bit:inst15|reg4bit:inst|inst3  ; Lost fanout        ;
; regFile16by8bit:inst4|reg8bit:inst11|reg4bit:inst1|inst  ; Lost fanout        ;
; regFile16by8bit:inst4|reg8bit:inst11|reg4bit:inst1|inst1 ; Lost fanout        ;
; regFile16by8bit:inst4|reg8bit:inst11|reg4bit:inst1|inst2 ; Lost fanout        ;
; regFile16by8bit:inst4|reg8bit:inst11|reg4bit:inst1|inst3 ; Lost fanout        ;
; regFile16by8bit:inst4|reg8bit:inst11|reg4bit:inst|inst   ; Lost fanout        ;
; regFile16by8bit:inst4|reg8bit:inst11|reg4bit:inst|inst1  ; Lost fanout        ;
; regFile16by8bit:inst4|reg8bit:inst11|reg4bit:inst|inst2  ; Lost fanout        ;
; regFile16by8bit:inst4|reg8bit:inst11|reg4bit:inst|inst3  ; Lost fanout        ;
; regFile16by8bit:inst4|reg8bit:inst7|reg4bit:inst1|inst   ; Lost fanout        ;
; regFile16by8bit:inst4|reg8bit:inst7|reg4bit:inst1|inst1  ; Lost fanout        ;
; regFile16by8bit:inst4|reg8bit:inst7|reg4bit:inst1|inst2  ; Lost fanout        ;
; regFile16by8bit:inst4|reg8bit:inst7|reg4bit:inst1|inst3  ; Lost fanout        ;
; regFile16by8bit:inst4|reg8bit:inst7|reg4bit:inst|inst    ; Lost fanout        ;
; regFile16by8bit:inst4|reg8bit:inst7|reg4bit:inst|inst1   ; Lost fanout        ;
; regFile16by8bit:inst4|reg8bit:inst7|reg4bit:inst|inst2   ; Lost fanout        ;
; regFile16by8bit:inst4|reg8bit:inst7|reg4bit:inst|inst3   ; Lost fanout        ;
; regFile16by8bit:inst4|reg8bit:inst6|reg4bit:inst1|inst   ; Lost fanout        ;
; regFile16by8bit:inst4|reg8bit:inst6|reg4bit:inst1|inst1  ; Lost fanout        ;
; regFile16by8bit:inst4|reg8bit:inst6|reg4bit:inst1|inst2  ; Lost fanout        ;
; regFile16by8bit:inst4|reg8bit:inst6|reg4bit:inst1|inst3  ; Lost fanout        ;
; regFile16by8bit:inst4|reg8bit:inst6|reg4bit:inst|inst    ; Lost fanout        ;
; regFile16by8bit:inst4|reg8bit:inst6|reg4bit:inst|inst1   ; Lost fanout        ;
; regFile16by8bit:inst4|reg8bit:inst6|reg4bit:inst|inst2   ; Lost fanout        ;
; regFile16by8bit:inst4|reg8bit:inst6|reg4bit:inst|inst3   ; Lost fanout        ;
; regFile16by8bit:inst4|reg8bit:inst14|reg4bit:inst1|inst  ; Lost fanout        ;
; regFile16by8bit:inst4|reg8bit:inst14|reg4bit:inst1|inst1 ; Lost fanout        ;
; regFile16by8bit:inst4|reg8bit:inst14|reg4bit:inst1|inst2 ; Lost fanout        ;
; regFile16by8bit:inst4|reg8bit:inst14|reg4bit:inst1|inst3 ; Lost fanout        ;
; regFile16by8bit:inst4|reg8bit:inst14|reg4bit:inst|inst   ; Lost fanout        ;
; regFile16by8bit:inst4|reg8bit:inst14|reg4bit:inst|inst1  ; Lost fanout        ;
; regFile16by8bit:inst4|reg8bit:inst14|reg4bit:inst|inst2  ; Lost fanout        ;
; regFile16by8bit:inst4|reg8bit:inst14|reg4bit:inst|inst3  ; Lost fanout        ;
; regFile16by8bit:inst4|reg8bit:inst10|reg4bit:inst1|inst  ; Lost fanout        ;
; regFile16by8bit:inst4|reg8bit:inst10|reg4bit:inst1|inst1 ; Lost fanout        ;
; regFile16by8bit:inst4|reg8bit:inst10|reg4bit:inst1|inst2 ; Lost fanout        ;
; regFile16by8bit:inst4|reg8bit:inst10|reg4bit:inst1|inst3 ; Lost fanout        ;
; regFile16by8bit:inst4|reg8bit:inst10|reg4bit:inst|inst   ; Lost fanout        ;
; regFile16by8bit:inst4|reg8bit:inst10|reg4bit:inst|inst1  ; Lost fanout        ;
; regFile16by8bit:inst4|reg8bit:inst10|reg4bit:inst|inst2  ; Lost fanout        ;
; regFile16by8bit:inst4|reg8bit:inst10|reg4bit:inst|inst3  ; Lost fanout        ;
; regFile16by8bit:inst4|reg8bit:inst3|reg4bit:inst1|inst   ; Lost fanout        ;
; regFile16by8bit:inst4|reg8bit:inst3|reg4bit:inst1|inst1  ; Lost fanout        ;
; regFile16by8bit:inst4|reg8bit:inst3|reg4bit:inst1|inst2  ; Lost fanout        ;
; regFile16by8bit:inst4|reg8bit:inst3|reg4bit:inst1|inst3  ; Lost fanout        ;
; regFile16by8bit:inst4|reg8bit:inst3|reg4bit:inst|inst    ; Lost fanout        ;
; regFile16by8bit:inst4|reg8bit:inst3|reg4bit:inst|inst1   ; Lost fanout        ;
; regFile16by8bit:inst4|reg8bit:inst3|reg4bit:inst|inst2   ; Lost fanout        ;
; regFile16by8bit:inst4|reg8bit:inst3|reg4bit:inst|inst3   ; Lost fanout        ;
; regFile16by8bit:inst4|reg8bit:inst2|reg4bit:inst1|inst   ; Lost fanout        ;
; regFile16by8bit:inst4|reg8bit:inst2|reg4bit:inst1|inst1  ; Lost fanout        ;
; regFile16by8bit:inst4|reg8bit:inst2|reg4bit:inst1|inst2  ; Lost fanout        ;
; regFile16by8bit:inst4|reg8bit:inst2|reg4bit:inst1|inst3  ; Lost fanout        ;
; regFile16by8bit:inst4|reg8bit:inst2|reg4bit:inst|inst    ; Lost fanout        ;
; regFile16by8bit:inst4|reg8bit:inst2|reg4bit:inst|inst1   ; Lost fanout        ;
; regFile16by8bit:inst4|reg8bit:inst2|reg4bit:inst|inst2   ; Lost fanout        ;
; regFile16by8bit:inst4|reg8bit:inst2|reg4bit:inst|inst3   ; Lost fanout        ;
; regFile16by8bit:inst4|reg8bit:inst13|reg4bit:inst1|inst  ; Lost fanout        ;
; regFile16by8bit:inst4|reg8bit:inst13|reg4bit:inst1|inst1 ; Lost fanout        ;
; regFile16by8bit:inst4|reg8bit:inst13|reg4bit:inst1|inst2 ; Lost fanout        ;
; regFile16by8bit:inst4|reg8bit:inst13|reg4bit:inst1|inst3 ; Lost fanout        ;
; regFile16by8bit:inst4|reg8bit:inst13|reg4bit:inst|inst   ; Lost fanout        ;
; regFile16by8bit:inst4|reg8bit:inst13|reg4bit:inst|inst1  ; Lost fanout        ;
; regFile16by8bit:inst4|reg8bit:inst13|reg4bit:inst|inst2  ; Lost fanout        ;
; regFile16by8bit:inst4|reg8bit:inst13|reg4bit:inst|inst3  ; Lost fanout        ;
; regFile16by8bit:inst4|reg8bit:inst9|reg4bit:inst1|inst   ; Lost fanout        ;
; regFile16by8bit:inst4|reg8bit:inst9|reg4bit:inst1|inst1  ; Lost fanout        ;
; regFile16by8bit:inst4|reg8bit:inst9|reg4bit:inst1|inst2  ; Lost fanout        ;
; regFile16by8bit:inst4|reg8bit:inst9|reg4bit:inst1|inst3  ; Lost fanout        ;
; regFile16by8bit:inst4|reg8bit:inst9|reg4bit:inst|inst    ; Lost fanout        ;
; regFile16by8bit:inst4|reg8bit:inst9|reg4bit:inst|inst1   ; Lost fanout        ;
; regFile16by8bit:inst4|reg8bit:inst9|reg4bit:inst|inst2   ; Lost fanout        ;
; regFile16by8bit:inst4|reg8bit:inst9|reg4bit:inst|inst3   ; Lost fanout        ;
; regFile16by8bit:inst4|reg8bit:inst5|reg4bit:inst1|inst   ; Lost fanout        ;
; regFile16by8bit:inst4|reg8bit:inst5|reg4bit:inst1|inst1  ; Lost fanout        ;
; regFile16by8bit:inst4|reg8bit:inst5|reg4bit:inst1|inst2  ; Lost fanout        ;
; regFile16by8bit:inst4|reg8bit:inst5|reg4bit:inst1|inst3  ; Lost fanout        ;
; regFile16by8bit:inst4|reg8bit:inst5|reg4bit:inst|inst    ; Lost fanout        ;
; regFile16by8bit:inst4|reg8bit:inst5|reg4bit:inst|inst1   ; Lost fanout        ;
; regFile16by8bit:inst4|reg8bit:inst5|reg4bit:inst|inst2   ; Lost fanout        ;
; regFile16by8bit:inst4|reg8bit:inst5|reg4bit:inst|inst3   ; Lost fanout        ;
; regFile16by8bit:inst4|reg8bit:inst1|reg4bit:inst1|inst   ; Lost fanout        ;
; regFile16by8bit:inst4|reg8bit:inst1|reg4bit:inst1|inst1  ; Lost fanout        ;
; regFile16by8bit:inst4|reg8bit:inst1|reg4bit:inst1|inst2  ; Lost fanout        ;
; regFile16by8bit:inst4|reg8bit:inst1|reg4bit:inst1|inst3  ; Lost fanout        ;
; regFile16by8bit:inst4|reg8bit:inst1|reg4bit:inst|inst    ; Lost fanout        ;
; regFile16by8bit:inst4|reg8bit:inst1|reg4bit:inst|inst1   ; Lost fanout        ;
; regFile16by8bit:inst4|reg8bit:inst1|reg4bit:inst|inst2   ; Lost fanout        ;
; regFile16by8bit:inst4|reg8bit:inst1|reg4bit:inst|inst3   ; Lost fanout        ;
; regFile16by8bit:inst4|reg8bit:inst12|reg4bit:inst1|inst  ; Lost fanout        ;
; regFile16by8bit:inst4|reg8bit:inst12|reg4bit:inst1|inst1 ; Lost fanout        ;
; regFile16by8bit:inst4|reg8bit:inst12|reg4bit:inst1|inst2 ; Lost fanout        ;
; regFile16by8bit:inst4|reg8bit:inst12|reg4bit:inst1|inst3 ; Lost fanout        ;
; regFile16by8bit:inst4|reg8bit:inst12|reg4bit:inst|inst   ; Lost fanout        ;
; regFile16by8bit:inst4|reg8bit:inst12|reg4bit:inst|inst1  ; Lost fanout        ;
; regFile16by8bit:inst4|reg8bit:inst12|reg4bit:inst|inst2  ; Lost fanout        ;
; regFile16by8bit:inst4|reg8bit:inst12|reg4bit:inst|inst3  ; Lost fanout        ;
; regFile16by8bit:inst4|reg8bit:inst8|reg4bit:inst1|inst   ; Lost fanout        ;
; regFile16by8bit:inst4|reg8bit:inst8|reg4bit:inst1|inst1  ; Lost fanout        ;
; regFile16by8bit:inst4|reg8bit:inst8|reg4bit:inst1|inst2  ; Lost fanout        ;
; regFile16by8bit:inst4|reg8bit:inst8|reg4bit:inst1|inst3  ; Lost fanout        ;
; regFile16by8bit:inst4|reg8bit:inst8|reg4bit:inst|inst    ; Lost fanout        ;
; regFile16by8bit:inst4|reg8bit:inst8|reg4bit:inst|inst1   ; Lost fanout        ;
; regFile16by8bit:inst4|reg8bit:inst8|reg4bit:inst|inst2   ; Lost fanout        ;
; regFile16by8bit:inst4|reg8bit:inst8|reg4bit:inst|inst3   ; Lost fanout        ;
; regFile16by8bit:inst4|reg8bit:inst4|reg4bit:inst1|inst   ; Lost fanout        ;
; regFile16by8bit:inst4|reg8bit:inst4|reg4bit:inst1|inst1  ; Lost fanout        ;
; regFile16by8bit:inst4|reg8bit:inst4|reg4bit:inst1|inst2  ; Lost fanout        ;
; regFile16by8bit:inst4|reg8bit:inst4|reg4bit:inst1|inst3  ; Lost fanout        ;
; regFile16by8bit:inst4|reg8bit:inst4|reg4bit:inst|inst    ; Lost fanout        ;
; regFile16by8bit:inst4|reg8bit:inst4|reg4bit:inst|inst1   ; Lost fanout        ;
; regFile16by8bit:inst4|reg8bit:inst4|reg4bit:inst|inst2   ; Lost fanout        ;
; regFile16by8bit:inst4|reg8bit:inst4|reg4bit:inst|inst3   ; Lost fanout        ;
; regFile16by8bit:inst4|reg8bit:inst|reg4bit:inst1|inst    ; Lost fanout        ;
; regFile16by8bit:inst4|reg8bit:inst|reg4bit:inst1|inst1   ; Lost fanout        ;
; regFile16by8bit:inst4|reg8bit:inst|reg4bit:inst1|inst2   ; Lost fanout        ;
; regFile16by8bit:inst4|reg8bit:inst|reg4bit:inst1|inst3   ; Lost fanout        ;
; regFile16by8bit:inst4|reg8bit:inst|reg4bit:inst|inst     ; Lost fanout        ;
; regFile16by8bit:inst4|reg8bit:inst|reg4bit:inst|inst1    ; Lost fanout        ;
; regFile16by8bit:inst4|reg8bit:inst|reg4bit:inst|inst2    ; Lost fanout        ;
; regFile16by8bit:inst4|reg8bit:inst|reg4bit:inst|inst3    ; Lost fanout        ;
; Total Number of Removed Registers = 128                  ;                    ;
+----------------------------------------------------------+--------------------+


+------------------------------------------------------+
; General Register Statistics                          ;
+----------------------------------------------+-------+
; Statistic                                    ; Value ;
+----------------------------------------------+-------+
; Total registers                              ; 0     ;
; Number of registers using Synchronous Clear  ; 0     ;
; Number of registers using Synchronous Load   ; 0     ;
; Number of registers using Asynchronous Clear ; 0     ;
; Number of registers using Asynchronous Load  ; 0     ;
; Number of registers using Clock Enable       ; 0     ;
; Number of registers using Preset             ; 0     ;
+----------------------------------------------+-------+


+------------------------------------------------------------------------------------------------------+
; Source assignments for LPM_ROM:inst2|altrom:srom|altsyncram:rom_block|altsyncram_3191:auto_generated ;
+---------------------------------+--------------------+------+----------------------------------------+
; Assignment                      ; Value              ; From ; To                                     ;
+---------------------------------+--------------------+------+----------------------------------------+
; OPTIMIZE_POWER_DURING_SYNTHESIS ; NORMAL_COMPILATION ; -    ; -                                      ;
+---------------------------------+--------------------+------+----------------------------------------+


+------------------------------------------------------------------------------------------------------+
; Source assignments for LPM_ROM:inst3|altrom:srom|altsyncram:rom_block|altsyncram_3r81:auto_generated ;
+---------------------------------+--------------------+------+----------------------------------------+
; Assignment                      ; Value              ; From ; To                                     ;
+---------------------------------+--------------------+------+----------------------------------------+
; OPTIMIZE_POWER_DURING_SYNTHESIS ; NORMAL_COMPILATION ; -    ; -                                      ;
+---------------------------------+--------------------+------+----------------------------------------+


+---------------------------------------------------------------------------------+
; Parameter Settings for User Entity Instance: LPM_ROM:inst2                      ;
+------------------------+---------------------------------------+----------------+
; Parameter Name         ; Value                                 ; Type           ;
+------------------------+---------------------------------------+----------------+
; LPM_WIDTH              ; 20                                    ; Untyped        ;
; LPM_WIDTHAD            ; 5                                     ; Untyped        ;
; LPM_NUMWORDS           ; 32                                    ; Untyped        ;
; LPM_ADDRESS_CONTROL    ; REGISTERED                            ; Untyped        ;
; LPM_OUTDATA            ; UNREGISTERED                          ; Untyped        ;
; LPM_FILE               ; C:/Users/sneha/Downloads/InstrMem.mif ; Untyped        ;
; DEVICE_FAMILY          ; Cyclone V                             ; Untyped        ;
; AUTO_CARRY_CHAINS      ; ON                                    ; AUTO_CARRY     ;
; IGNORE_CARRY_BUFFERS   ; OFF                                   ; IGNORE_CARRY   ;
; AUTO_CASCADE_CHAINS    ; ON                                    ; AUTO_CASCADE   ;
; IGNORE_CASCADE_BUFFERS ; OFF                                   ; IGNORE_CASCADE ;
+------------------------+---------------------------------------+----------------+
Note: In order to hide this table in the UI and the text report file, please set the "Show Parameter Settings in Synthesis Report" option in "Analysis and Synthesis Settings -> More Settings" to "Off".


+--------------------------------------------------------------------------------+
; Parameter Settings for User Entity Instance: LPM_ROM:inst3                     ;
+------------------------+--------------------------------------+----------------+
; Parameter Name         ; Value                                ; Type           ;
+------------------------+--------------------------------------+----------------+
; LPM_WIDTH              ; 8                                    ; Untyped        ;
; LPM_WIDTHAD            ; 5                                    ; Untyped        ;
; LPM_NUMWORDS           ; 32                                   ; Untyped        ;
; LPM_ADDRESS_CONTROL    ; REGISTERED                           ; Untyped        ;
; LPM_OUTDATA            ; UNREGISTERED                         ; Untyped        ;
; LPM_FILE               ; C:/Users/sneha/Downloads/DataMem.mif ; Untyped        ;
; DEVICE_FAMILY          ; Cyclone V                            ; Untyped        ;
; AUTO_CARRY_CHAINS      ; ON                                   ; AUTO_CARRY     ;
; IGNORE_CARRY_BUFFERS   ; OFF                                  ; IGNORE_CARRY   ;
; AUTO_CASCADE_CHAINS    ; ON                                   ; AUTO_CASCADE   ;
; IGNORE_CASCADE_BUFFERS ; OFF                                  ; IGNORE_CASCADE ;
+------------------------+--------------------------------------+----------------+
Note: In order to hide this table in the UI and the text report file, please set the "Show Parameter Settings in Synthesis Report" option in "Analysis and Synthesis Settings -> More Settings" to "Off".


+-----------------------------------------------------+
; Post-Synthesis Netlist Statistics for Top Partition ;
+-----------------------+-----------------------------+
; Type                  ; Count                       ;
+-----------------------+-----------------------------+
; arriav_io_obuf        ; 20                          ;
; arriav_lcell_comb     ; 1                           ;
;     normal            ; 1                           ;
;         0 data inputs ; 1                           ;
; boundary_port         ; 56                          ;
; stratixv_ram_block    ; 20                          ;
;                       ;                             ;
; Max LUT depth         ; 0.00                        ;
; Average LUT depth     ; 0.00                        ;
+-----------------------+-----------------------------+


+-------------------------------+
; Elapsed Time Per Partition    ;
+----------------+--------------+
; Partition Name ; Elapsed Time ;
+----------------+--------------+
; Top            ; 00:00:00     ;
+----------------+--------------+


+-------------------------------+
; Analysis & Synthesis Messages ;
+-------------------------------+
Info: *******************************************************************
Info: Running Quartus Prime Analysis & Synthesis
    Info: Version 20.1.0 Build 711 06/05/2020 SJ Lite Edition
    Info: Processing started: Thu Oct 13 16:45:22 2022
Info: Command: quartus_map --read_settings_files=on --write_settings_files=off DATAPATH02 -c DATAPATH02
Warning (18236): Number of processors has not been specified which may cause overloading on shared machines.  Set the global assignment NUM_PARALLEL_PROCESSORS in your QSF to an appropriate value for best performance.
Info (20030): Parallel compilation is enabled and will use 4 of the 4 processors detected
Info (12021): Found 1 design units, including 1 entities, in source file datapath02.bdf
    Info (12023): Found entity 1: DATAPATH02
Info (12127): Elaborating entity "DATAPATH02" for the top level hierarchy
Warning (275043): Pin "ALUSEL[1..0]" is missing source
Warning (275043): Pin "BIMM[5..0]" is missing source
Warning (275043): Pin "LUI[7..0]" is missing source
Warning (275043): Pin "RA1[3..0]" is missing source
Warning (275043): Pin "RA2[3..0]" is missing source
Warning (275043): Pin "WA[3..0]" is missing source
Warning (275043): Pin "WDSEL[1..0]" is missing source
Warning (275008): Primitive "GND" of instance "inst9" not used
Info (12128): Elaborating entity "LPM_ROM" for hierarchy "LPM_ROM:inst2"
Info (12130): Elaborated megafunction instantiation "LPM_ROM:inst2"
Info (12133): Instantiated megafunction "LPM_ROM:inst2" with the following parameter:
    Info (12134): Parameter "LPM_ADDRESS_CONTROL" = "REGISTERED"
    Info (12134): Parameter "LPM_FILE" = "C:/Users/sneha/Downloads/InstrMem.mif"
    Info (12134): Parameter "LPM_NUMWORDS" = "32"
    Info (12134): Parameter "LPM_OUTDATA" = "UNREGISTERED"
    Info (12134): Parameter "LPM_WIDTH" = "20"
    Info (12134): Parameter "LPM_WIDTHAD" = "5"
Info (12128): Elaborating entity "altrom" for hierarchy "LPM_ROM:inst2|altrom:srom" File: c:/intelfpga_lite/20.1/quartus/libraries/megafunctions/lpm_rom.tdf Line: 55
Info (12131): Elaborated megafunction instantiation "LPM_ROM:inst2|altrom:srom", which is child of megafunction instantiation "LPM_ROM:inst2" File: c:/intelfpga_lite/20.1/quartus/libraries/megafunctions/lpm_rom.tdf Line: 55
Info (12128): Elaborating entity "altsyncram" for hierarchy "LPM_ROM:inst2|altrom:srom|altsyncram:rom_block" File: c:/intelfpga_lite/20.1/quartus/libraries/megafunctions/altrom.tdf Line: 89
Info (12131): Elaborated megafunction instantiation "LPM_ROM:inst2|altrom:srom|altsyncram:rom_block", which is child of megafunction instantiation "LPM_ROM:inst2" File: c:/intelfpga_lite/20.1/quartus/libraries/megafunctions/altrom.tdf Line: 89
Info (12021): Found 1 design units, including 1 entities, in source file db/altsyncram_3191.tdf
    Info (12023): Found entity 1: altsyncram_3191 File: C:/Users/sneha/OneDrive/Documents/DATAPATH01comp/DATAPATH02/db/altsyncram_3191.tdf Line: 28
Info (12128): Elaborating entity "altsyncram_3191" for hierarchy "LPM_ROM:inst2|altrom:srom|altsyncram:rom_block|altsyncram_3191:auto_generated" File: c:/intelfpga_lite/20.1/quartus/libraries/megafunctions/altsyncram.tdf Line: 792
Warning (12125): Using design file /users/sneha/onedrive/documents/datapath01comp/controlunit/controlunit.bdf, which is not specified as a design file for the current project, but contains definitions for 1 design units and 1 entities in project
    Info (12023): Found entity 1: controlUNIT
Info (12128): Elaborating entity "controlUNIT" for hierarchy "controlUNIT:inst8"
Warning (12125): Using design file /users/sneha/onedrive/documents/datapath01comp/alu/alu.bdf, which is not specified as a design file for the current project, but contains definitions for 1 design units and 1 entities in project
    Info (12023): Found entity 1: ALU
Info (12128): Elaborating entity "ALU" for hierarchy "ALU:inst1"
Warning (12125): Using design file /users/sneha/onedrive/documents/datapath01comp/eightbitcomparator/eightbitcomparator.bdf, which is not specified as a design file for the current project, but contains definitions for 1 design units and 1 entities in project
    Info (12023): Found entity 1: EightBitComparator
Info (12128): Elaborating entity "EightBitComparator" for hierarchy "ALU:inst1|EightBitComparator:inst2"
Warning (12125): Using design file /users/sneha/onedrive/documents/datapath01comp/fourbitcomparator/fourbitcomparator.bdf, which is not specified as a design file for the current project, but contains definitions for 1 design units and 1 entities in project
    Info (12023): Found entity 1: FourBitComparator
Info (12128): Elaborating entity "FourBitComparator" for hierarchy "ALU:inst1|EightBitComparator:inst2|FourBitComparator:inst"
Warning (12125): Using design file /users/sneha/onedrive/documents/datapath01comp/comparator/comparator.bdf, which is not specified as a design file for the current project, but contains definitions for 1 design units and 1 entities in project
    Info (12023): Found entity 1: comparator
Info (12128): Elaborating entity "comparator" for hierarchy "ALU:inst1|EightBitComparator:inst2|FourBitComparator:inst|comparator:inst"
Warning (12125): Using design file /users/sneha/onedrive/documents/datapath01comp/fourwayeightbitmultiplexer/fourwayeightbitmultiplexer.bdf, which is not specified as a design file for the current project, but contains definitions for 1 design units and 1 entities in project
    Info (12023): Found entity 1: FourWayEightBitMultiplexer
Info (12128): Elaborating entity "FourWayEightBitMultiplexer" for hierarchy "ALU:inst1|FourWayEightBitMultiplexer:inst5"
Warning (12125): Using design file /users/sneha/onedrive/documents/datapath01comp/fourwayfourbitmultiplexer/fourwayfourbitmultiplexer.bdf, which is not specified as a design file for the current project, but contains definitions for 1 design units and 1 entities in project
    Info (12023): Found entity 1: FourWayFourBitMultiplexer
Info (12128): Elaborating entity "FourWayFourBitMultiplexer" for hierarchy "ALU:inst1|FourWayEightBitMultiplexer:inst5|FourWayFourBitMultiplexer:inst2"
Warning (12125): Using design file /users/sneha/onedrive/documents/datapath01comp/fourwayonebitmultiplexer/fourwayonebitmultiplexer.bdf, which is not specified as a design file for the current project, but contains definitions for 1 design units and 1 entities in project
    Info (12023): Found entity 1: FourWayOneBitMultiplexer
Info (12128): Elaborating entity "FourWayOneBitMultiplexer" for hierarchy "ALU:inst1|FourWayEightBitMultiplexer:inst5|FourWayFourBitMultiplexer:inst2|FourWayOneBitMultiplexer:inst3"
Warning (12125): Using design file /users/sneha/onedrive/documents/datapath01comp/eightbitadder/eightbitadder.bdf, which is not specified as a design file for the current project, but contains definitions for 1 design units and 1 entities in project
    Info (12023): Found entity 1: EightBitAdder
Info (12128): Elaborating entity "EightBitAdder" for hierarchy "ALU:inst1|EightBitAdder:inst"
Warning (12125): Using design file /users/sneha/onedrive/documents/datapath01comp/lab2fulladder/fulladder.bdf, which is not specified as a design file for the current project, but contains definitions for 1 design units and 1 entities in project
    Info (12023): Found entity 1: fullAdder
Info (12128): Elaborating entity "fullAdder" for hierarchy "ALU:inst1|EightBitAdder:inst|fullAdder:inst7"
Warning (12125): Using design file /users/sneha/onedrive/documents/datapath01comp/lab2/halfadder.bdf, which is not specified as a design file for the current project, but contains definitions for 1 design units and 1 entities in project
    Info (12023): Found entity 1: halfAdder
Info (12128): Elaborating entity "halfAdder" for hierarchy "ALU:inst1|EightBitAdder:inst|fullAdder:inst7|halfAdder:inst2"
Warning (12125): Using design file /users/sneha/onedrive/documents/datapath01comp/bitwisexor/eightbitxor.bdf, which is not specified as a design file for the current project, but contains definitions for 1 design units and 1 entities in project
    Info (12023): Found entity 1: EightBitXOR
Info (12128): Elaborating entity "EightBitXOR" for hierarchy "ALU:inst1|EightBitXOR:inst8"
Warning (12125): Using design file /users/sneha/onedrive/documents/datapath01comp/rightarithmeticshift/rightshift.bdf, which is not specified as a design file for the current project, but contains definitions for 1 design units and 1 entities in project
    Info (12023): Found entity 1: RightShift
Info (12128): Elaborating entity "RightShift" for hierarchy "ALU:inst1|RightShift:inst4"
Warning (12125): Using design file /users/sneha/onedrive/documents/datapath01comp/regfile16by8bit/regfile16by8bit.bdf, which is not specified as a design file for the current project, but contains definitions for 1 design units and 1 entities in project
    Info (12023): Found entity 1: regFile16by8bit
Info (12128): Elaborating entity "regFile16by8bit" for hierarchy "regFile16by8bit:inst4"
Warning (12125): Using design file /users/sneha/onedrive/documents/datapath01comp/mux16/mux16.bdf, which is not specified as a design file for the current project, but contains definitions for 1 design units and 1 entities in project
    Info (12023): Found entity 1: MUX16
Info (12128): Elaborating entity "MUX16" for hierarchy "regFile16by8bit:inst4|MUX16:inst17"
Warning (12125): Using design file /users/sneha/onedrive/documents/datapath01comp/mux8bit2way/mux8bit2way.bdf, which is not specified as a design file for the current project, but contains definitions for 1 design units and 1 entities in project
    Info (12023): Found entity 1: MUX8bit2way
Info (12128): Elaborating entity "MUX8bit2way" for hierarchy "regFile16by8bit:inst4|MUX16:inst17|MUX8bit2way:inst11"
Warning (12125): Using design file /users/sneha/onedrive/documents/datapath01comp/mux_bus/mux_bus.bdf, which is not specified as a design file for the current project, but contains definitions for 1 design units and 1 entities in project
    Info (12023): Found entity 1: MUX_bus
Info (12128): Elaborating entity "MUX_bus" for hierarchy "regFile16by8bit:inst4|MUX16:inst17|MUX8bit2way:inst11|MUX_bus:inst"
Warning (12125): Using design file /users/sneha/onedrive/documents/datapath01comp/mux1bits2way/mux1bits2way.bdf, which is not specified as a design file for the current project, but contains definitions for 1 design units and 1 entities in project
    Info (12023): Found entity 1: MUX1BITS2WAY
Info (12128): Elaborating entity "MUX1BITS2WAY" for hierarchy "regFile16by8bit:inst4|MUX16:inst17|MUX8bit2way:inst11|MUX_bus:inst|MUX1BITS2WAY:inst"
Warning (12125): Using design file /users/sneha/onedrive/documents/datapath01comp/mux8bit4way/mux8bit4way.bdf, which is not specified as a design file for the current project, but contains definitions for 1 design units and 1 entities in project
    Info (12023): Found entity 1: MUX8bit4way
Info (12128): Elaborating entity "MUX8bit4way" for hierarchy "regFile16by8bit:inst4|MUX16:inst17|MUX8bit4way:inst"
Warning (12125): Using design file /users/sneha/onedrive/documents/datapath01comp/reg8bit/reg8bit.bdf, which is not specified as a design file for the current project, but contains definitions for 1 design units and 1 entities in project
    Info (12023): Found entity 1: reg8bit
Info (12128): Elaborating entity "reg8bit" for hierarchy "regFile16by8bit:inst4|reg8bit:inst"
Warning (12125): Using design file /users/sneha/onedrive/documents/datapath01comp/reg4bit/reg4bit.bdf, which is not specified as a design file for the current project, but contains definitions for 1 design units and 1 entities in project
    Info (12023): Found entity 1: reg4bit
Info (12128): Elaborating entity "reg4bit" for hierarchy "regFile16by8bit:inst4|reg8bit:inst|reg4bit:inst"
Warning (12125): Using design file /users/sneha/onedrive/documents/datapath01comp/dcdr4bit/dcdr4bit.bdf, which is not specified as a design file for the current project, but contains definitions for 1 design units and 1 entities in project
    Info (12023): Found entity 1: dcdr4bit
Info (12128): Elaborating entity "dcdr4bit" for hierarchy "regFile16by8bit:inst4|dcdr4bit:inst16"
Warning (12125): Using design file /users/sneha/onedrive/documents/datapath01comp/decoderclkfree/dcdrclkfree.bdf, which is not specified as a design file for the current project, but contains definitions for 1 design units and 1 entities in project
    Info (12023): Found entity 1: dcdrCLKfree
Info (12128): Elaborating entity "dcdrCLKfree" for hierarchy "regFile16by8bit:inst4|dcdr4bit:inst16|dcdrCLKfree:inst"
Warning (12125): Using design file /users/sneha/onedrive/documents/datapath01comp/demux8bit16way/demux8bit16way.bdf, which is not specified as a design file for the current project, but contains definitions for 1 design units and 1 entities in project
    Info (12023): Found entity 1: DEMUX8bit16way
Info (12128): Elaborating entity "DEMUX8bit16way" for hierarchy "regFile16by8bit:inst4|DEMUX8bit16way:inst19"
Warning (12125): Using design file /users/sneha/onedrive/documents/datapath01comp/demux8bit2way/demux8bit2way.bdf, which is not specified as a design file for the current project, but contains definitions for 1 design units and 1 entities in project
    Info (12023): Found entity 1: DEMUX8BIT2WAY
Info (12128): Elaborating entity "DEMUX8BIT2WAY" for hierarchy "regFile16by8bit:inst4|DEMUX8bit16way:inst19|DEMUX8BIT2WAY:inst5"
Warning (12125): Using design file /users/sneha/onedrive/documents/datapath01comp/demux4bit2way/demux4bit2way.bdf, which is not specified as a design file for the current project, but contains definitions for 1 design units and 1 entities in project
    Info (12023): Found entity 1: DEMUX4BIT2WAY
Info (12128): Elaborating entity "DEMUX4BIT2WAY" for hierarchy "regFile16by8bit:inst4|DEMUX8bit16way:inst19|DEMUX8BIT2WAY:inst5|DEMUX4BIT2WAY:inst"
Warning (12125): Using design file /users/sneha/onedrive/documents/datapath01comp/demux1i_2o/demux1i_2o.bdf, which is not specified as a design file for the current project, but contains definitions for 1 design units and 1 entities in project
    Info (12023): Found entity 1: DEMUX1I_2O
Info (12128): Elaborating entity "DEMUX1I_2O" for hierarchy "regFile16by8bit:inst4|DEMUX8bit16way:inst19|DEMUX8BIT2WAY:inst5|DEMUX4BIT2WAY:inst|DEMUX1I_2O:inst"
Info (12128): Elaborating entity "LPM_ROM" for hierarchy "LPM_ROM:inst3"
Info (12130): Elaborated megafunction instantiation "LPM_ROM:inst3"
Info (12133): Instantiated megafunction "LPM_ROM:inst3" with the following parameter:
    Info (12134): Parameter "LPM_ADDRESS_CONTROL" = "REGISTERED"
    Info (12134): Parameter "LPM_FILE" = "C:/Users/sneha/Downloads/DataMem.mif"
    Info (12134): Parameter "LPM_NUMWORDS" = "32"
    Info (12134): Parameter "LPM_OUTDATA" = "UNREGISTERED"
    Info (12134): Parameter "LPM_WIDTH" = "8"
    Info (12134): Parameter "LPM_WIDTHAD" = "5"
Info (12128): Elaborating entity "altrom" for hierarchy "LPM_ROM:inst3|altrom:srom" File: c:/intelfpga_lite/20.1/quartus/libraries/megafunctions/lpm_rom.tdf Line: 55
Info (12131): Elaborated megafunction instantiation "LPM_ROM:inst3|altrom:srom", which is child of megafunction instantiation "LPM_ROM:inst3" File: c:/intelfpga_lite/20.1/quartus/libraries/megafunctions/lpm_rom.tdf Line: 55
Info (12128): Elaborating entity "altsyncram" for hierarchy "LPM_ROM:inst3|altrom:srom|altsyncram:rom_block" File: c:/intelfpga_lite/20.1/quartus/libraries/megafunctions/altrom.tdf Line: 89
Info (12131): Elaborated megafunction instantiation "LPM_ROM:inst3|altrom:srom|altsyncram:rom_block", which is child of megafunction instantiation "LPM_ROM:inst3" File: c:/intelfpga_lite/20.1/quartus/libraries/megafunctions/altrom.tdf Line: 89
Info (12021): Found 1 design units, including 1 entities, in source file db/altsyncram_3r81.tdf
    Info (12023): Found entity 1: altsyncram_3r81 File: C:/Users/sneha/OneDrive/Documents/DATAPATH01comp/DATAPATH02/db/altsyncram_3r81.tdf Line: 28
Info (12128): Elaborating entity "altsyncram_3r81" for hierarchy "LPM_ROM:inst3|altrom:srom|altsyncram:rom_block|altsyncram_3r81:auto_generated" File: c:/intelfpga_lite/20.1/quartus/libraries/megafunctions/altsyncram.tdf Line: 792
Warning (14284): Synthesized away the following node(s):
    Warning (14285): Synthesized away the following RAM node(s):
        Warning (14320): Synthesized away node "lpm_rom:inst3|altrom:srom|altsyncram:rom_block|altsyncram_3r81:auto_generated|q_a[0]" File: C:/Users/sneha/OneDrive/Documents/DATAPATH01comp/DATAPATH02/db/altsyncram_3r81.tdf Line: 35
        Warning (14320): Synthesized away node "lpm_rom:inst3|altrom:srom|altsyncram:rom_block|altsyncram_3r81:auto_generated|q_a[1]" File: C:/Users/sneha/OneDrive/Documents/DATAPATH01comp/DATAPATH02/db/altsyncram_3r81.tdf Line: 56
        Warning (14320): Synthesized away node "lpm_rom:inst3|altrom:srom|altsyncram:rom_block|altsyncram_3r81:auto_generated|q_a[2]" File: C:/Users/sneha/OneDrive/Documents/DATAPATH01comp/DATAPATH02/db/altsyncram_3r81.tdf Line: 77
        Warning (14320): Synthesized away node "lpm_rom:inst3|altrom:srom|altsyncram:rom_block|altsyncram_3r81:auto_generated|q_a[3]" File: C:/Users/sneha/OneDrive/Documents/DATAPATH01comp/DATAPATH02/db/altsyncram_3r81.tdf Line: 98
        Warning (14320): Synthesized away node "lpm_rom:inst3|altrom:srom|altsyncram:rom_block|altsyncram_3r81:auto_generated|q_a[4]" File: C:/Users/sneha/OneDrive/Documents/DATAPATH01comp/DATAPATH02/db/altsyncram_3r81.tdf Line: 119
        Warning (14320): Synthesized away node "lpm_rom:inst3|altrom:srom|altsyncram:rom_block|altsyncram_3r81:auto_generated|q_a[5]" File: C:/Users/sneha/OneDrive/Documents/DATAPATH01comp/DATAPATH02/db/altsyncram_3r81.tdf Line: 140
        Warning (14320): Synthesized away node "lpm_rom:inst3|altrom:srom|altsyncram:rom_block|altsyncram_3r81:auto_generated|q_a[6]" File: C:/Users/sneha/OneDrive/Documents/DATAPATH01comp/DATAPATH02/db/altsyncram_3r81.tdf Line: 161
        Warning (14320): Synthesized away node "lpm_rom:inst3|altrom:srom|altsyncram:rom_block|altsyncram_3r81:auto_generated|q_a[7]" File: C:/Users/sneha/OneDrive/Documents/DATAPATH01comp/DATAPATH02/db/altsyncram_3r81.tdf Line: 182
Warning (13046): Tri-state node(s) do not directly drive top-level pin(s)
    Warning (13047): Converted the fan-out from the tri-state buffer "lpm_rom:inst2|otri[3]" to the node "controlUNIT:inst8|inst4" into an OR gate File: c:/intelfpga_lite/20.1/quartus/libraries/megafunctions/lpm_rom.tdf Line: 68
    Warning (13047): Converted the fan-out from the tri-state buffer "lpm_rom:inst2|otri[2]" to the node "controlUNIT:inst8|inst4" into an OR gate File: c:/intelfpga_lite/20.1/quartus/libraries/megafunctions/lpm_rom.tdf Line: 68
    Warning (13047): Converted the fan-out from the tri-state buffer "lpm_rom:inst2|otri[1]" to the node "controlUNIT:inst8|inst4" into an OR gate File: c:/intelfpga_lite/20.1/quartus/libraries/megafunctions/lpm_rom.tdf Line: 68
    Warning (13047): Converted the fan-out from the tri-state buffer "lpm_rom:inst2|otri[0]" to the node "controlUNIT:inst8|inst4" into an OR gate File: c:/intelfpga_lite/20.1/quartus/libraries/megafunctions/lpm_rom.tdf Line: 68
Warning (13008): TRI or OPNDRN buffers permanently disabled
    Warning (13010): Node "lpm_rom:inst2|otri[19]" File: c:/intelfpga_lite/20.1/quartus/libraries/megafunctions/lpm_rom.tdf Line: 68
    Warning (13010): Node "lpm_rom:inst2|otri[18]" File: c:/intelfpga_lite/20.1/quartus/libraries/megafunctions/lpm_rom.tdf Line: 68
    Warning (13010): Node "lpm_rom:inst2|otri[17]" File: c:/intelfpga_lite/20.1/quartus/libraries/megafunctions/lpm_rom.tdf Line: 68
    Warning (13010): Node "lpm_rom:inst2|otri[16]" File: c:/intelfpga_lite/20.1/quartus/libraries/megafunctions/lpm_rom.tdf Line: 68
    Warning (13010): Node "lpm_rom:inst2|otri[15]" File: c:/intelfpga_lite/20.1/quartus/libraries/megafunctions/lpm_rom.tdf Line: 68
    Warning (13010): Node "lpm_rom:inst2|otri[14]" File: c:/intelfpga_lite/20.1/quartus/libraries/megafunctions/lpm_rom.tdf Line: 68
    Warning (13010): Node "lpm_rom:inst2|otri[13]" File: c:/intelfpga_lite/20.1/quartus/libraries/megafunctions/lpm_rom.tdf Line: 68
    Warning (13010): Node "lpm_rom:inst2|otri[12]" File: c:/intelfpga_lite/20.1/quartus/libraries/megafunctions/lpm_rom.tdf Line: 68
    Warning (13010): Node "lpm_rom:inst2|otri[11]" File: c:/intelfpga_lite/20.1/quartus/libraries/megafunctions/lpm_rom.tdf Line: 68
    Warning (13010): Node "lpm_rom:inst2|otri[10]" File: c:/intelfpga_lite/20.1/quartus/libraries/megafunctions/lpm_rom.tdf Line: 68
    Warning (13010): Node "lpm_rom:inst2|otri[9]" File: c:/intelfpga_lite/20.1/quartus/libraries/megafunctions/lpm_rom.tdf Line: 68
    Warning (13010): Node "lpm_rom:inst2|otri[8]" File: c:/intelfpga_lite/20.1/quartus/libraries/megafunctions/lpm_rom.tdf Line: 68
    Warning (13010): Node "lpm_rom:inst2|otri[7]" File: c:/intelfpga_lite/20.1/quartus/libraries/megafunctions/lpm_rom.tdf Line: 68
    Warning (13010): Node "lpm_rom:inst2|otri[6]" File: c:/intelfpga_lite/20.1/quartus/libraries/megafunctions/lpm_rom.tdf Line: 68
    Warning (13010): Node "lpm_rom:inst2|otri[5]" File: c:/intelfpga_lite/20.1/quartus/libraries/megafunctions/lpm_rom.tdf Line: 68
    Warning (13010): Node "lpm_rom:inst2|otri[4]" File: c:/intelfpga_lite/20.1/quartus/libraries/megafunctions/lpm_rom.tdf Line: 68
    Warning (13010): Node "lpm_rom:inst2|otri[3]~synth" File: c:/intelfpga_lite/20.1/quartus/libraries/megafunctions/lpm_rom.tdf Line: 68
    Warning (13010): Node "lpm_rom:inst2|otri[2]~synth" File: c:/intelfpga_lite/20.1/quartus/libraries/megafunctions/lpm_rom.tdf Line: 68
    Warning (13010): Node "lpm_rom:inst2|otri[1]~synth" File: c:/intelfpga_lite/20.1/quartus/libraries/megafunctions/lpm_rom.tdf Line: 68
    Warning (13010): Node "lpm_rom:inst2|otri[0]~synth" File: c:/intelfpga_lite/20.1/quartus/libraries/megafunctions/lpm_rom.tdf Line: 68
Warning (13024): Output pins are stuck at VCC or GND
    Warning (13410): Pin "ALUSEL[1]" is stuck at GND
    Warning (13410): Pin "ALUSEL[0]" is stuck at GND
    Warning (13410): Pin "BIMM[5]" is stuck at GND
    Warning (13410): Pin "BIMM[4]" is stuck at GND
    Warning (13410): Pin "BIMM[3]" is stuck at GND
    Warning (13410): Pin "BIMM[2]" is stuck at GND
    Warning (13410): Pin "BIMM[1]" is stuck at GND
    Warning (13410): Pin "BIMM[0]" is stuck at GND
    Warning (13410): Pin "LUI[7]" is stuck at GND
    Warning (13410): Pin "LUI[6]" is stuck at GND
    Warning (13410): Pin "LUI[5]" is stuck at GND
    Warning (13410): Pin "LUI[4]" is stuck at GND
    Warning (13410): Pin "LUI[3]" is stuck at GND
    Warning (13410): Pin "LUI[2]" is stuck at GND
    Warning (13410): Pin "LUI[1]" is stuck at GND
    Warning (13410): Pin "LUI[0]" is stuck at GND
    Warning (13410): Pin "RA1[3]" is stuck at GND
    Warning (13410): Pin "RA1[2]" is stuck at GND
    Warning (13410): Pin "RA1[1]" is stuck at GND
    Warning (13410): Pin "RA1[0]" is stuck at GND
    Warning (13410): Pin "RA2[3]" is stuck at GND
    Warning (13410): Pin "RA2[2]" is stuck at GND
    Warning (13410): Pin "RA2[1]" is stuck at GND
    Warning (13410): Pin "RA2[0]" is stuck at GND
    Warning (13410): Pin "WA[3]" is stuck at GND
    Warning (13410): Pin "WA[2]" is stuck at GND
    Warning (13410): Pin "WA[1]" is stuck at GND
    Warning (13410): Pin "WA[0]" is stuck at GND
    Warning (13410): Pin "WDSEL[1]" is stuck at GND
    Warning (13410): Pin "WDSEL[0]" is stuck at GND
Info (17049): 128 registers lost all their fanouts during netlist optimizations.
Info (16010): Generating hard_block partition "hard_block:auto_generated_inst"
    Info (16011): Adding 0 node(s), including 0 DDIO, 0 PLL, 0 transceiver and 0 LCELL
Info (21057): Implemented 76 device resources after synthesis - the final resource count might be different
    Info (21058): Implemented 6 input pins
    Info (21059): Implemented 50 output pins
    Info (21064): Implemented 20 RAM segments
Info: Quartus Prime Analysis & Synthesis was successful. 0 errors, 103 warnings
    Info: Peak virtual memory: 4815 megabytes
    Info: Processing ended: Thu Oct 13 16:45:32 2022
    Info: Elapsed time: 00:00:10
    Info: Total CPU time (on all processors): 00:00:19


