Analysis & Synthesis report for regFile16by8bit
Thu Oct 13 17:31:35 2022
Quartus Prime Version 20.1.0 Build 711 06/05/2020 SJ Lite Edition


---------------------
; Table of Contents ;
---------------------
  1. Legal Notice
  2. Analysis & Synthesis Summary
  3. Analysis & Synthesis Settings
  4. Parallel Compilation
  5. Analysis & Synthesis Source Files Read
  6. Analysis & Synthesis Resource Usage Summary
  7. Analysis & Synthesis Resource Utilization by Entity
  8. User-Specified and Inferred Latches
  9. Registers Removed During Synthesis
 10. General Register Statistics
 11. Multiplexer Restructuring Statistics (Restructuring Performed)
 12. Post-Synthesis Netlist Statistics for Top Partition
 13. Elapsed Time Per Partition
 14. Analysis & Synthesis Messages



----------------
; Legal Notice ;
----------------
Copyright (C) 2020  Intel Corporation. All rights reserved.
Your use of Intel Corporation's design tools, logic functions 
and other software and tools, and any partner logic 
functions, and any output files from any of the foregoing 
(including device programming or simulation files), and any 
associated documentation or information are expressly subject 
to the terms and conditions of the Intel Program License 
Subscription Agreement, the Intel Quartus Prime License Agreement,
the Intel FPGA IP License Agreement, or other applicable license
agreement, including, without limitation, that your use is for
the sole purpose of programming logic devices manufactured by
Intel and sold by Intel or its authorized distributors.  Please
refer to the applicable agreement for further details, at
https://fpgasoftware.intel.com/eula.



+-------------------------------------------------------------------------------+
; Analysis & Synthesis Summary                                                  ;
+---------------------------------+---------------------------------------------+
; Analysis & Synthesis Status     ; Successful - Thu Oct 13 17:31:34 2022       ;
; Quartus Prime Version           ; 20.1.0 Build 711 06/05/2020 SJ Lite Edition ;
; Revision Name                   ; regFile16by8bit                             ;
; Top-level Entity Name           ; regFile16by8bit                             ;
; Family                          ; Cyclone V                                   ;
; Logic utilization (in ALMs)     ; N/A                                         ;
; Total registers                 ; 64                                          ;
; Total pins                      ; 38                                          ;
; Total virtual pins              ; 0                                           ;
; Total block memory bits         ; 0                                           ;
; Total DSP Blocks                ; 0                                           ;
; Total HSSI RX PCSs              ; 0                                           ;
; Total HSSI PMA RX Deserializers ; 0                                           ;
; Total HSSI TX PCSs              ; 0                                           ;
; Total HSSI PMA TX Serializers   ; 0                                           ;
; Total PLLs                      ; 0                                           ;
; Total DLLs                      ; 0                                           ;
+---------------------------------+---------------------------------------------+


+---------------------------------------------------------------------------------------------------------------------------+
; Analysis & Synthesis Settings                                                                                             ;
+---------------------------------------------------------------------------------+--------------------+--------------------+
; Option                                                                          ; Setting            ; Default Value      ;
+---------------------------------------------------------------------------------+--------------------+--------------------+
; Device                                                                          ; 5CEBA2F17A7        ;                    ;
; Top-level entity name                                                           ; regFile16by8bit    ; regFile16by8bit    ;
; Family name                                                                     ; Cyclone V          ; Cyclone V          ;
; Use smart compilation                                                           ; Off                ; Off                ;
; Enable parallel Assembler and Timing Analyzer during compilation                ; On                 ; On                 ;
; Enable compact report table                                                     ; Off                ; Off                ;
; Restructure Multiplexers                                                        ; Auto               ; Auto               ;
; MLAB Add Timing Constraints For Mixed-Port Feed-Through Mode Setting Don't Care ; Off                ; Off                ;
; Create Debugging Nodes for IP Cores                                             ; Off                ; Off                ;
; Preserve fewer node names                                                       ; On                 ; On                 ;
; Intel FPGA IP Evaluation Mode                                                   ; Enable             ; Enable             ;
; Verilog Version                                                                 ; Verilog_2001       ; Verilog_2001       ;
; VHDL Version                                                                    ; VHDL_1993          ; VHDL_1993          ;
; State Machine Processing                                                        ; Auto               ; Auto               ;
; Safe State Machine                                                              ; Off                ; Off                ;
; Extract Verilog State Machines                                                  ; On                 ; On                 ;
; Extract VHDL State Machines                                                     ; On                 ; On                 ;
; Ignore Verilog initial constructs                                               ; Off                ; Off                ;
; Iteration limit for constant Verilog loops                                      ; 5000               ; 5000               ;
; Iteration limit for non-constant Verilog loops                                  ; 250                ; 250                ;
; Add Pass-Through Logic to Inferred RAMs                                         ; On                 ; On                 ;
; Infer RAMs from Raw Logic                                                       ; On                 ; On                 ;
; Parallel Synthesis                                                              ; On                 ; On                 ;
; DSP Block Balancing                                                             ; Auto               ; Auto               ;
; NOT Gate Push-Back                                                              ; On                 ; On                 ;
; Power-Up Don't Care                                                             ; On                 ; On                 ;
; Remove Redundant Logic Cells                                                    ; Off                ; Off                ;
; Remove Duplicate Registers                                                      ; On                 ; On                 ;
; Ignore CARRY Buffers                                                            ; Off                ; Off                ;
; Ignore CASCADE Buffers                                                          ; Off                ; Off                ;
; Ignore GLOBAL Buffers                                                           ; Off                ; Off                ;
; Ignore ROW GLOBAL Buffers                                                       ; Off                ; Off                ;
; Ignore LCELL Buffers                                                            ; Off                ; Off                ;
; Ignore SOFT Buffers                                                             ; On                 ; On                 ;
; Limit AHDL Integers to 32 Bits                                                  ; Off                ; Off                ;
; Optimization Technique                                                          ; Balanced           ; Balanced           ;
; Carry Chain Length                                                              ; 70                 ; 70                 ;
; Auto Carry Chains                                                               ; On                 ; On                 ;
; Auto Open-Drain Pins                                                            ; On                 ; On                 ;
; Perform WYSIWYG Primitive Resynthesis                                           ; Off                ; Off                ;
; Auto ROM Replacement                                                            ; On                 ; On                 ;
; Auto RAM Replacement                                                            ; On                 ; On                 ;
; Auto DSP Block Replacement                                                      ; On                 ; On                 ;
; Auto Shift Register Replacement                                                 ; Auto               ; Auto               ;
; Allow Shift Register Merging across Hierarchies                                 ; Auto               ; Auto               ;
; Auto Clock Enable Replacement                                                   ; On                 ; On                 ;
; Strict RAM Replacement                                                          ; Off                ; Off                ;
; Allow Synchronous Control Signals                                               ; On                 ; On                 ;
; Force Use of Synchronous Clear Signals                                          ; Off                ; Off                ;
; Auto Resource Sharing                                                           ; Off                ; Off                ;
; Allow Any RAM Size For Recognition                                              ; Off                ; Off                ;
; Allow Any ROM Size For Recognition                                              ; Off                ; Off                ;
; Allow Any Shift Register Size For Recognition                                   ; Off                ; Off                ;
; Use LogicLock Constraints during Resource Balancing                             ; On                 ; On                 ;
; Ignore translate_off and synthesis_off directives                               ; Off                ; Off                ;
; Timing-Driven Synthesis                                                         ; On                 ; On                 ;
; Report Parameter Settings                                                       ; On                 ; On                 ;
; Report Source Assignments                                                       ; On                 ; On                 ;
; Report Connectivity Checks                                                      ; On                 ; On                 ;
; Ignore Maximum Fan-Out Assignments                                              ; Off                ; Off                ;
; Synchronization Register Chain Length                                           ; 3                  ; 3                  ;
; Power Optimization During Synthesis                                             ; Normal compilation ; Normal compilation ;
; HDL message level                                                               ; Level2             ; Level2             ;
; Suppress Register Optimization Related Messages                                 ; Off                ; Off                ;
; Number of Removed Registers Reported in Synthesis Report                        ; 5000               ; 5000               ;
; Number of Swept Nodes Reported in Synthesis Report                              ; 5000               ; 5000               ;
; Number of Inverted Registers Reported in Synthesis Report                       ; 100                ; 100                ;
; Clock MUX Protection                                                            ; On                 ; On                 ;
; Auto Gated Clock Conversion                                                     ; Off                ; Off                ;
; Block Design Naming                                                             ; Auto               ; Auto               ;
; SDC constraint protection                                                       ; Off                ; Off                ;
; Synthesis Effort                                                                ; Auto               ; Auto               ;
; Shift Register Replacement - Allow Asynchronous Clear Signal                    ; On                 ; On                 ;
; Pre-Mapping Resynthesis Optimization                                            ; Off                ; Off                ;
; Analysis & Synthesis Message Level                                              ; Medium             ; Medium             ;
; Disable Register Merging Across Hierarchies                                     ; Auto               ; Auto               ;
; Resource Aware Inference For Block RAM                                          ; On                 ; On                 ;
; Automatic Parallel Synthesis                                                    ; On                 ; On                 ;
; Partial Reconfiguration Bitstream ID                                            ; Off                ; Off                ;
+---------------------------------------------------------------------------------+--------------------+--------------------+


+------------------------------------------+
; Parallel Compilation                     ;
+----------------------------+-------------+
; Processors                 ; Number      ;
+----------------------------+-------------+
; Number detected on machine ; 8           ;
; Maximum allowed            ; 4           ;
;                            ;             ;
; Average used               ; 1.00        ;
; Maximum used               ; 1           ;
;                            ;             ;
; Usage by Processor         ; % Time Used ;
;     Processor 1            ; 100.0%      ;
+----------------------------+-------------+


+------------------------------------------------------------------------------------------------------------------------------------------------------------------------------------------------+
; Analysis & Synthesis Source Files Read                                                                                                                                                         ;
+----------------------------------+-----------------+------------------------------------------+--------------------------------------------------------------------------------------+---------+
; File Name with User-Entered Path ; Used in Netlist ; File Type                                ; File Name with Absolute Path                                                         ; Library ;
+----------------------------------+-----------------+------------------------------------------+--------------------------------------------------------------------------------------+---------+
; regFile16by8bit.bdf              ; yes             ; User Block Diagram/Schematic File        ; C:/Users/sneha/OneDrive/Documents/DATAPATH01comp/regFile16by8bit/regFile16by8bit.bdf ;         ;
; mux16.bdf                        ; yes             ; Auto-Found Block Diagram/Schematic File  ; C:/Users/sneha/OneDrive/Documents/DATAPATH01comp/mux16/mux16.bdf                     ;         ;
; mux8bit2way.bdf                  ; yes             ; Auto-Found Block Diagram/Schematic File  ; C:/Users/sneha/OneDrive/Documents/DATAPATH01comp/mux8bit2way/mux8bit2way.bdf         ;         ;
; mux_bus.bdf                      ; yes             ; Auto-Found Block Diagram/Schematic File  ; C:/Users/sneha/OneDrive/Documents/DATAPATH01comp/mux_bus/mux_bus.bdf                 ;         ;
; mux1bits2way.bdf                 ; yes             ; Auto-Found Block Diagram/Schematic File  ; C:/Users/sneha/OneDrive/Documents/DATAPATH01comp/mux1bits2way/mux1bits2way.bdf       ;         ;
; mux8bit4way.bdf                  ; yes             ; Auto-Found Block Diagram/Schematic File  ; C:/Users/sneha/OneDrive/Documents/DATAPATH01comp/mux8bit4way/mux8bit4way.bdf         ;         ;
; reg8bit.bdf                      ; yes             ; Auto-Found Block Diagram/Schematic File  ; C:/Users/sneha/OneDrive/Documents/DATAPATH01comp/reg8bit/reg8bit.bdf                 ;         ;
; reg4bit.bdf                      ; yes             ; Auto-Found Block Diagram/Schematic File  ; C:/Users/sneha/OneDrive/Documents/DATAPATH01comp/reg4bit/reg4bit.bdf                 ;         ;
; dcdr4bit.bdf                     ; yes             ; Auto-Found Block Diagram/Schematic File  ; C:/Users/sneha/OneDrive/Documents/DATAPATH01comp/dcdr4bit/dcdr4bit.bdf               ;         ;
; dcdrclkfree.bdf                  ; yes             ; Auto-Found Block Diagram/Schematic File  ; C:/Users/sneha/OneDrive/Documents/DATAPATH01comp/decoderclkfree/dcdrclkfree.bdf      ;         ;
; demux8bit16way.bdf               ; yes             ; Auto-Found Block Diagram/Schematic File  ; C:/Users/sneha/OneDrive/Documents/DATAPATH01comp/demux8bit16way/demux8bit16way.bdf   ;         ;
; demux8bit2way.bdf                ; yes             ; Auto-Found Block Diagram/Schematic File  ; C:/Users/sneha/OneDrive/Documents/DATAPATH01comp/demux8bit2way/demux8bit2way.bdf     ;         ;
; demux4bit2way.bdf                ; yes             ; Auto-Found Block Diagram/Schematic File  ; C:/Users/sneha/OneDrive/Documents/DATAPATH01comp/demux4bit2way/demux4bit2way.bdf     ;         ;
; demux1i_2o.bdf                   ; yes             ; Auto-Found Block Diagram/Schematic File  ; C:/Users/sneha/OneDrive/Documents/DATAPATH01comp/demux1i_2o/demux1i_2o.bdf           ;         ;
+----------------------------------+-----------------+------------------------------------------+--------------------------------------------------------------------------------------+---------+


+-----------------------------------------------------------+
; Analysis & Synthesis Resource Usage Summary               ;
+---------------------------------------------+-------------+
; Resource                                    ; Usage       ;
+---------------------------------------------+-------------+
; Estimate of Logic utilization (ALMs needed) ; 55          ;
;                                             ;             ;
; Combinational ALUT usage for logic          ; 56          ;
;     -- 7 input functions                    ; 0           ;
;     -- 6 input functions                    ; 32          ;
;     -- 5 input functions                    ; 8           ;
;     -- 4 input functions                    ; 16          ;
;     -- <=3 input functions                  ; 0           ;
;                                             ;             ;
; Dedicated logic registers                   ; 64          ;
;                                             ;             ;
; I/O pins                                    ; 38          ;
;                                             ;             ;
; Total DSP Blocks                            ; 0           ;
;                                             ;             ;
; Maximum fan-out node                        ; ENWRT~input ;
; Maximum fan-out                             ; 72          ;
; Total fan-out                               ; 606         ;
; Average fan-out                             ; 3.09        ;
+---------------------------------------------+-------------+


+----------------------------------------------------------------------------------------------------------------------------------------------------------------------------------------------------------------------------------------------------------------+
; Analysis & Synthesis Resource Utilization by Entity                                                                                                                                                                                                            ;
+----------------------------------+---------------------+---------------------------+-------------------+------------+------+--------------+-----------------------------------------------------------------------------------+-----------------+--------------+
; Compilation Hierarchy Node       ; Combinational ALUTs ; Dedicated Logic Registers ; Block Memory Bits ; DSP Blocks ; Pins ; Virtual Pins ; Full Hierarchy Name                                                               ; Entity Name     ; Library Name ;
+----------------------------------+---------------------+---------------------------+-------------------+------------+------+--------------+-----------------------------------------------------------------------------------+-----------------+--------------+
; |regFile16by8bit                 ; 56 (0)              ; 64 (0)                    ; 0                 ; 0          ; 38   ; 0            ; |regFile16by8bit                                                                  ; regFile16by8bit ; work         ;
;    |MUX16:inst17|                ; 24 (0)              ; 0 (0)                     ; 0                 ; 0          ; 0    ; 0            ; |regFile16by8bit|MUX16:inst17                                                     ; MUX16           ; work         ;
;       |MUX8bit2way:inst11|       ; 24 (0)              ; 0 (0)                     ; 0                 ; 0          ; 0    ; 0            ; |regFile16by8bit|MUX16:inst17|MUX8bit2way:inst11                                  ; MUX8bit2way     ; work         ;
;          |MUX_bus:inst1|         ; 12 (0)              ; 0 (0)                     ; 0                 ; 0          ; 0    ; 0            ; |regFile16by8bit|MUX16:inst17|MUX8bit2way:inst11|MUX_bus:inst1                    ; MUX_bus         ; work         ;
;             |MUX1BITS2WAY:inst1| ; 3 (3)               ; 0 (0)                     ; 0                 ; 0          ; 0    ; 0            ; |regFile16by8bit|MUX16:inst17|MUX8bit2way:inst11|MUX_bus:inst1|MUX1BITS2WAY:inst1 ; MUX1BITS2WAY    ; work         ;
;             |MUX1BITS2WAY:inst2| ; 3 (3)               ; 0 (0)                     ; 0                 ; 0          ; 0    ; 0            ; |regFile16by8bit|MUX16:inst17|MUX8bit2way:inst11|MUX_bus:inst1|MUX1BITS2WAY:inst2 ; MUX1BITS2WAY    ; work         ;
;             |MUX1BITS2WAY:inst3| ; 3 (3)               ; 0 (0)                     ; 0                 ; 0          ; 0    ; 0            ; |regFile16by8bit|MUX16:inst17|MUX8bit2way:inst11|MUX_bus:inst1|MUX1BITS2WAY:inst3 ; MUX1BITS2WAY    ; work         ;
;             |MUX1BITS2WAY:inst|  ; 3 (3)               ; 0 (0)                     ; 0                 ; 0          ; 0    ; 0            ; |regFile16by8bit|MUX16:inst17|MUX8bit2way:inst11|MUX_bus:inst1|MUX1BITS2WAY:inst  ; MUX1BITS2WAY    ; work         ;
;          |MUX_bus:inst|          ; 12 (0)              ; 0 (0)                     ; 0                 ; 0          ; 0    ; 0            ; |regFile16by8bit|MUX16:inst17|MUX8bit2way:inst11|MUX_bus:inst                     ; MUX_bus         ; work         ;
;             |MUX1BITS2WAY:inst1| ; 3 (3)               ; 0 (0)                     ; 0                 ; 0          ; 0    ; 0            ; |regFile16by8bit|MUX16:inst17|MUX8bit2way:inst11|MUX_bus:inst|MUX1BITS2WAY:inst1  ; MUX1BITS2WAY    ; work         ;
;             |MUX1BITS2WAY:inst2| ; 3 (3)               ; 0 (0)                     ; 0                 ; 0          ; 0    ; 0            ; |regFile16by8bit|MUX16:inst17|MUX8bit2way:inst11|MUX_bus:inst|MUX1BITS2WAY:inst2  ; MUX1BITS2WAY    ; work         ;
;             |MUX1BITS2WAY:inst3| ; 3 (3)               ; 0 (0)                     ; 0                 ; 0          ; 0    ; 0            ; |regFile16by8bit|MUX16:inst17|MUX8bit2way:inst11|MUX_bus:inst|MUX1BITS2WAY:inst3  ; MUX1BITS2WAY    ; work         ;
;             |MUX1BITS2WAY:inst|  ; 3 (3)               ; 0 (0)                     ; 0                 ; 0          ; 0    ; 0            ; |regFile16by8bit|MUX16:inst17|MUX8bit2way:inst11|MUX_bus:inst|MUX1BITS2WAY:inst   ; MUX1BITS2WAY    ; work         ;
;    |MUX16:inst18|                ; 24 (0)              ; 0 (0)                     ; 0                 ; 0          ; 0    ; 0            ; |regFile16by8bit|MUX16:inst18                                                     ; MUX16           ; work         ;
;       |MUX8bit2way:inst11|       ; 24 (0)              ; 0 (0)                     ; 0                 ; 0          ; 0    ; 0            ; |regFile16by8bit|MUX16:inst18|MUX8bit2way:inst11                                  ; MUX8bit2way     ; work         ;
;          |MUX_bus:inst1|         ; 12 (0)              ; 0 (0)                     ; 0                 ; 0          ; 0    ; 0            ; |regFile16by8bit|MUX16:inst18|MUX8bit2way:inst11|MUX_bus:inst1                    ; MUX_bus         ; work         ;
;             |MUX1BITS2WAY:inst1| ; 3 (3)               ; 0 (0)                     ; 0                 ; 0          ; 0    ; 0            ; |regFile16by8bit|MUX16:inst18|MUX8bit2way:inst11|MUX_bus:inst1|MUX1BITS2WAY:inst1 ; MUX1BITS2WAY    ; work         ;
;             |MUX1BITS2WAY:inst2| ; 3 (3)               ; 0 (0)                     ; 0                 ; 0          ; 0    ; 0            ; |regFile16by8bit|MUX16:inst18|MUX8bit2way:inst11|MUX_bus:inst1|MUX1BITS2WAY:inst2 ; MUX1BITS2WAY    ; work         ;
;             |MUX1BITS2WAY:inst3| ; 3 (3)               ; 0 (0)                     ; 0                 ; 0          ; 0    ; 0            ; |regFile16by8bit|MUX16:inst18|MUX8bit2way:inst11|MUX_bus:inst1|MUX1BITS2WAY:inst3 ; MUX1BITS2WAY    ; work         ;
;             |MUX1BITS2WAY:inst|  ; 3 (3)               ; 0 (0)                     ; 0                 ; 0          ; 0    ; 0            ; |regFile16by8bit|MUX16:inst18|MUX8bit2way:inst11|MUX_bus:inst1|MUX1BITS2WAY:inst  ; MUX1BITS2WAY    ; work         ;
;          |MUX_bus:inst|          ; 12 (0)              ; 0 (0)                     ; 0                 ; 0          ; 0    ; 0            ; |regFile16by8bit|MUX16:inst18|MUX8bit2way:inst11|MUX_bus:inst                     ; MUX_bus         ; work         ;
;             |MUX1BITS2WAY:inst1| ; 3 (3)               ; 0 (0)                     ; 0                 ; 0          ; 0    ; 0            ; |regFile16by8bit|MUX16:inst18|MUX8bit2way:inst11|MUX_bus:inst|MUX1BITS2WAY:inst1  ; MUX1BITS2WAY    ; work         ;
;             |MUX1BITS2WAY:inst2| ; 3 (3)               ; 0 (0)                     ; 0                 ; 0          ; 0    ; 0            ; |regFile16by8bit|MUX16:inst18|MUX8bit2way:inst11|MUX_bus:inst|MUX1BITS2WAY:inst2  ; MUX1BITS2WAY    ; work         ;
;             |MUX1BITS2WAY:inst3| ; 3 (3)               ; 0 (0)                     ; 0                 ; 0          ; 0    ; 0            ; |regFile16by8bit|MUX16:inst18|MUX8bit2way:inst11|MUX_bus:inst|MUX1BITS2WAY:inst3  ; MUX1BITS2WAY    ; work         ;
;             |MUX1BITS2WAY:inst|  ; 3 (3)               ; 0 (0)                     ; 0                 ; 0          ; 0    ; 0            ; |regFile16by8bit|MUX16:inst18|MUX8bit2way:inst11|MUX_bus:inst|MUX1BITS2WAY:inst   ; MUX1BITS2WAY    ; work         ;
;    |dcdr4bit:inst16|             ; 8 (8)               ; 0 (0)                     ; 0                 ; 0          ; 0    ; 0            ; |regFile16by8bit|dcdr4bit:inst16                                                  ; dcdr4bit        ; work         ;
;    |reg8bit:inst12|              ; 0 (0)               ; 8 (0)                     ; 0                 ; 0          ; 0    ; 0            ; |regFile16by8bit|reg8bit:inst12                                                   ; reg8bit         ; work         ;
;       |reg4bit:inst1|            ; 0 (0)               ; 4 (4)                     ; 0                 ; 0          ; 0    ; 0            ; |regFile16by8bit|reg8bit:inst12|reg4bit:inst1                                     ; reg4bit         ; work         ;
;       |reg4bit:inst|             ; 0 (0)               ; 4 (4)                     ; 0                 ; 0          ; 0    ; 0            ; |regFile16by8bit|reg8bit:inst12|reg4bit:inst                                      ; reg4bit         ; work         ;
;    |reg8bit:inst13|              ; 0 (0)               ; 8 (0)                     ; 0                 ; 0          ; 0    ; 0            ; |regFile16by8bit|reg8bit:inst13                                                   ; reg8bit         ; work         ;
;       |reg4bit:inst1|            ; 0 (0)               ; 4 (4)                     ; 0                 ; 0          ; 0    ; 0            ; |regFile16by8bit|reg8bit:inst13|reg4bit:inst1                                     ; reg4bit         ; work         ;
;       |reg4bit:inst|             ; 0 (0)               ; 4 (4)                     ; 0                 ; 0          ; 0    ; 0            ; |regFile16by8bit|reg8bit:inst13|reg4bit:inst                                      ; reg4bit         ; work         ;
;    |reg8bit:inst14|              ; 0 (0)               ; 8 (0)                     ; 0                 ; 0          ; 0    ; 0            ; |regFile16by8bit|reg8bit:inst14                                                   ; reg8bit         ; work         ;
;       |reg4bit:inst1|            ; 0 (0)               ; 4 (4)                     ; 0                 ; 0          ; 0    ; 0            ; |regFile16by8bit|reg8bit:inst14|reg4bit:inst1                                     ; reg4bit         ; work         ;
;       |reg4bit:inst|             ; 0 (0)               ; 4 (4)                     ; 0                 ; 0          ; 0    ; 0            ; |regFile16by8bit|reg8bit:inst14|reg4bit:inst                                      ; reg4bit         ; work         ;
;    |reg8bit:inst15|              ; 0 (0)               ; 8 (0)                     ; 0                 ; 0          ; 0    ; 0            ; |regFile16by8bit|reg8bit:inst15                                                   ; reg8bit         ; work         ;
;       |reg4bit:inst1|            ; 0 (0)               ; 4 (4)                     ; 0                 ; 0          ; 0    ; 0            ; |regFile16by8bit|reg8bit:inst15|reg4bit:inst1                                     ; reg4bit         ; work         ;
;       |reg4bit:inst|             ; 0 (0)               ; 4 (4)                     ; 0                 ; 0          ; 0    ; 0            ; |regFile16by8bit|reg8bit:inst15|reg4bit:inst                                      ; reg4bit         ; work         ;
;    |reg8bit:inst4|               ; 0 (0)               ; 8 (0)                     ; 0                 ; 0          ; 0    ; 0            ; |regFile16by8bit|reg8bit:inst4                                                    ; reg8bit         ; work         ;
;       |reg4bit:inst1|            ; 0 (0)               ; 4 (4)                     ; 0                 ; 0          ; 0    ; 0            ; |regFile16by8bit|reg8bit:inst4|reg4bit:inst1                                      ; reg4bit         ; work         ;
;       |reg4bit:inst|             ; 0 (0)               ; 4 (4)                     ; 0                 ; 0          ; 0    ; 0            ; |regFile16by8bit|reg8bit:inst4|reg4bit:inst                                       ; reg4bit         ; work         ;
;    |reg8bit:inst5|               ; 0 (0)               ; 8 (0)                     ; 0                 ; 0          ; 0    ; 0            ; |regFile16by8bit|reg8bit:inst5                                                    ; reg8bit         ; work         ;
;       |reg4bit:inst1|            ; 0 (0)               ; 4 (4)                     ; 0                 ; 0          ; 0    ; 0            ; |regFile16by8bit|reg8bit:inst5|reg4bit:inst1                                      ; reg4bit         ; work         ;
;       |reg4bit:inst|             ; 0 (0)               ; 4 (4)                     ; 0                 ; 0          ; 0    ; 0            ; |regFile16by8bit|reg8bit:inst5|reg4bit:inst                                       ; reg4bit         ; work         ;
;    |reg8bit:inst6|               ; 0 (0)               ; 8 (0)                     ; 0                 ; 0          ; 0    ; 0            ; |regFile16by8bit|reg8bit:inst6                                                    ; reg8bit         ; work         ;
;       |reg4bit:inst1|            ; 0 (0)               ; 4 (4)                     ; 0                 ; 0          ; 0    ; 0            ; |regFile16by8bit|reg8bit:inst6|reg4bit:inst1                                      ; reg4bit         ; work         ;
;       |reg4bit:inst|             ; 0 (0)               ; 4 (4)                     ; 0                 ; 0          ; 0    ; 0            ; |regFile16by8bit|reg8bit:inst6|reg4bit:inst                                       ; reg4bit         ; work         ;
;    |reg8bit:inst7|               ; 0 (0)               ; 8 (0)                     ; 0                 ; 0          ; 0    ; 0            ; |regFile16by8bit|reg8bit:inst7                                                    ; reg8bit         ; work         ;
;       |reg4bit:inst1|            ; 0 (0)               ; 4 (4)                     ; 0                 ; 0          ; 0    ; 0            ; |regFile16by8bit|reg8bit:inst7|reg4bit:inst1                                      ; reg4bit         ; work         ;
;       |reg4bit:inst|             ; 0 (0)               ; 4 (4)                     ; 0                 ; 0          ; 0    ; 0            ; |regFile16by8bit|reg8bit:inst7|reg4bit:inst                                       ; reg4bit         ; work         ;
+----------------------------------+---------------------+---------------------------+-------------------+------------+------+--------------+-----------------------------------------------------------------------------------+-----------------+--------------+
Note: For table entries with two numbers listed, the numbers in parentheses indicate the number of resources of the given type used by the specific entity alone. The numbers listed outside of parentheses indicate the total resources of the given type used by the specific entity and all of its sub-entities in the hierarchy.


+---------------------------------------------------------------------------------------------------+
; User-Specified and Inferred Latches                                                               ;
+----------------------------------------------------+---------------------+------------------------+
; Latch Name                                         ; Latch Enable Signal ; Free of Timing Hazards ;
+----------------------------------------------------+---------------------+------------------------+
; dcdr4bit:inst16|dcdrCLKfree:inst|inst8             ; VCC                 ; yes                    ;
; dcdr4bit:inst16|dcdrCLKfree:inst|inst11            ; VCC                 ; yes                    ;
; dcdr4bit:inst16|dcdrCLKfree:inst1|inst8            ; VCC                 ; yes                    ;
; dcdr4bit:inst16|dcdrCLKfree:inst1|inst11           ; VCC                 ; yes                    ;
; Number of user-specified and inferred latches = 4  ;                     ;                        ;
+----------------------------------------------------+---------------------+------------------------+
Note: All latches listed above may not be present at the end of synthesis due to various synthesis optimizations.


+---------------------------------------------------------------------------------+
; Registers Removed During Synthesis                                              ;
+----------------------------------------+----------------------------------------+
; Register name                          ; Reason for Removal                     ;
+----------------------------------------+----------------------------------------+
; reg8bit:inst|reg4bit:inst1|inst3       ; Stuck at GND due to stuck port data_in ;
; reg8bit:inst1|reg4bit:inst1|inst3      ; Stuck at GND due to stuck port data_in ;
; reg8bit:inst8|reg4bit:inst1|inst3      ; Stuck at GND due to stuck port data_in ;
; reg8bit:inst9|reg4bit:inst1|inst3      ; Stuck at GND due to stuck port data_in ;
; reg8bit:inst2|reg4bit:inst1|inst3      ; Stuck at GND due to stuck port data_in ;
; reg8bit:inst3|reg4bit:inst1|inst3      ; Stuck at GND due to stuck port data_in ;
; reg8bit:inst10|reg4bit:inst1|inst3     ; Stuck at GND due to stuck port data_in ;
; reg8bit:inst11|reg4bit:inst1|inst3     ; Stuck at GND due to stuck port data_in ;
; reg8bit:inst|reg4bit:inst1|inst2       ; Stuck at GND due to stuck port data_in ;
; reg8bit:inst1|reg4bit:inst1|inst2      ; Stuck at GND due to stuck port data_in ;
; reg8bit:inst8|reg4bit:inst1|inst2      ; Stuck at GND due to stuck port data_in ;
; reg8bit:inst9|reg4bit:inst1|inst2      ; Stuck at GND due to stuck port data_in ;
; reg8bit:inst2|reg4bit:inst1|inst2      ; Stuck at GND due to stuck port data_in ;
; reg8bit:inst3|reg4bit:inst1|inst2      ; Stuck at GND due to stuck port data_in ;
; reg8bit:inst10|reg4bit:inst1|inst2     ; Stuck at GND due to stuck port data_in ;
; reg8bit:inst11|reg4bit:inst1|inst2     ; Stuck at GND due to stuck port data_in ;
; reg8bit:inst|reg4bit:inst1|inst1       ; Stuck at GND due to stuck port data_in ;
; reg8bit:inst1|reg4bit:inst1|inst1      ; Stuck at GND due to stuck port data_in ;
; reg8bit:inst8|reg4bit:inst1|inst1      ; Stuck at GND due to stuck port data_in ;
; reg8bit:inst9|reg4bit:inst1|inst1      ; Stuck at GND due to stuck port data_in ;
; reg8bit:inst2|reg4bit:inst1|inst1      ; Stuck at GND due to stuck port data_in ;
; reg8bit:inst3|reg4bit:inst1|inst1      ; Stuck at GND due to stuck port data_in ;
; reg8bit:inst10|reg4bit:inst1|inst1     ; Stuck at GND due to stuck port data_in ;
; reg8bit:inst11|reg4bit:inst1|inst1     ; Stuck at GND due to stuck port data_in ;
; reg8bit:inst|reg4bit:inst1|inst        ; Stuck at GND due to stuck port data_in ;
; reg8bit:inst1|reg4bit:inst1|inst       ; Stuck at GND due to stuck port data_in ;
; reg8bit:inst8|reg4bit:inst1|inst       ; Stuck at GND due to stuck port data_in ;
; reg8bit:inst9|reg4bit:inst1|inst       ; Stuck at GND due to stuck port data_in ;
; reg8bit:inst2|reg4bit:inst1|inst       ; Stuck at GND due to stuck port data_in ;
; reg8bit:inst3|reg4bit:inst1|inst       ; Stuck at GND due to stuck port data_in ;
; reg8bit:inst10|reg4bit:inst1|inst      ; Stuck at GND due to stuck port data_in ;
; reg8bit:inst11|reg4bit:inst1|inst      ; Stuck at GND due to stuck port data_in ;
; reg8bit:inst|reg4bit:inst|inst3        ; Stuck at GND due to stuck port data_in ;
; reg8bit:inst1|reg4bit:inst|inst3       ; Stuck at GND due to stuck port data_in ;
; reg8bit:inst8|reg4bit:inst|inst3       ; Stuck at GND due to stuck port data_in ;
; reg8bit:inst9|reg4bit:inst|inst3       ; Stuck at GND due to stuck port data_in ;
; reg8bit:inst2|reg4bit:inst|inst3       ; Stuck at GND due to stuck port data_in ;
; reg8bit:inst3|reg4bit:inst|inst3       ; Stuck at GND due to stuck port data_in ;
; reg8bit:inst10|reg4bit:inst|inst3      ; Stuck at GND due to stuck port data_in ;
; reg8bit:inst11|reg4bit:inst|inst3      ; Stuck at GND due to stuck port data_in ;
; reg8bit:inst|reg4bit:inst|inst2        ; Stuck at GND due to stuck port data_in ;
; reg8bit:inst1|reg4bit:inst|inst2       ; Stuck at GND due to stuck port data_in ;
; reg8bit:inst8|reg4bit:inst|inst2       ; Stuck at GND due to stuck port data_in ;
; reg8bit:inst9|reg4bit:inst|inst2       ; Stuck at GND due to stuck port data_in ;
; reg8bit:inst2|reg4bit:inst|inst2       ; Stuck at GND due to stuck port data_in ;
; reg8bit:inst3|reg4bit:inst|inst2       ; Stuck at GND due to stuck port data_in ;
; reg8bit:inst10|reg4bit:inst|inst2      ; Stuck at GND due to stuck port data_in ;
; reg8bit:inst11|reg4bit:inst|inst2      ; Stuck at GND due to stuck port data_in ;
; reg8bit:inst|reg4bit:inst|inst1        ; Stuck at GND due to stuck port data_in ;
; reg8bit:inst1|reg4bit:inst|inst1       ; Stuck at GND due to stuck port data_in ;
; reg8bit:inst8|reg4bit:inst|inst1       ; Stuck at GND due to stuck port data_in ;
; reg8bit:inst9|reg4bit:inst|inst1       ; Stuck at GND due to stuck port data_in ;
; reg8bit:inst2|reg4bit:inst|inst1       ; Stuck at GND due to stuck port data_in ;
; reg8bit:inst3|reg4bit:inst|inst1       ; Stuck at GND due to stuck port data_in ;
; reg8bit:inst10|reg4bit:inst|inst1      ; Stuck at GND due to stuck port data_in ;
; reg8bit:inst11|reg4bit:inst|inst1      ; Stuck at GND due to stuck port data_in ;
; reg8bit:inst|reg4bit:inst|inst         ; Stuck at GND due to stuck port data_in ;
; reg8bit:inst1|reg4bit:inst|inst        ; Stuck at GND due to stuck port data_in ;
; reg8bit:inst8|reg4bit:inst|inst        ; Stuck at GND due to stuck port data_in ;
; reg8bit:inst9|reg4bit:inst|inst        ; Stuck at GND due to stuck port data_in ;
; reg8bit:inst2|reg4bit:inst|inst        ; Stuck at GND due to stuck port data_in ;
; reg8bit:inst3|reg4bit:inst|inst        ; Stuck at GND due to stuck port data_in ;
; reg8bit:inst10|reg4bit:inst|inst       ; Stuck at GND due to stuck port data_in ;
; reg8bit:inst11|reg4bit:inst|inst       ; Stuck at GND due to stuck port data_in ;
; Total Number of Removed Registers = 64 ;                                        ;
+----------------------------------------+----------------------------------------+


+------------------------------------------------------+
; General Register Statistics                          ;
+----------------------------------------------+-------+
; Statistic                                    ; Value ;
+----------------------------------------------+-------+
; Total registers                              ; 64    ;
; Number of registers using Synchronous Clear  ; 64    ;
; Number of registers using Synchronous Load   ; 0     ;
; Number of registers using Asynchronous Clear ; 64    ;
; Number of registers using Asynchronous Load  ; 0     ;
; Number of registers using Clock Enable       ; 0     ;
; Number of registers using Preset             ; 0     ;
+----------------------------------------------+-------+


+------------------------------------------------------------------------------------------------------------------------------------------------------------------------------------------------------+
; Multiplexer Restructuring Statistics (Restructuring Performed)                                                                                                                                       ;
+--------------------+-----------+---------------+----------------------+------------------------+------------+----------------------------------------------------------------------------------------+
; Multiplexer Inputs ; Bus Width ; Baseline Area ; Area if Restructured ; Saving if Restructured ; Registered ; Example Multiplexer Output                                                             ;
+--------------------+-----------+---------------+----------------------+------------------------+------------+----------------------------------------------------------------------------------------+
; 16:1               ; 8 bits    ; 80 LEs        ; 80 LEs               ; 0 LEs                  ; No         ; |regFile16by8bit|MUX16:inst17|MUX8bit2way:inst11|MUX_bus:inst|MUX1BITS2WAY:inst3|inst2 ;
; 16:1               ; 8 bits    ; 80 LEs        ; 80 LEs               ; 0 LEs                  ; No         ; |regFile16by8bit|MUX16:inst18|MUX8bit2way:inst11|MUX_bus:inst|MUX1BITS2WAY:inst3|inst2 ;
+--------------------+-----------+---------------+----------------------+------------------------+------------+----------------------------------------------------------------------------------------+


+-----------------------------------------------------+
; Post-Synthesis Netlist Statistics for Top Partition ;
+-----------------------+-----------------------------+
; Type                  ; Count                       ;
+-----------------------+-----------------------------+
; arriav_ff             ; 64                          ;
;     CLR SCLR          ; 64                          ;
; arriav_lcell_comb     ; 56                          ;
;     normal            ; 56                          ;
;         4 data inputs ; 16                          ;
;         5 data inputs ; 8                           ;
;         6 data inputs ; 32                          ;
; boundary_port         ; 38                          ;
;                       ;                             ;
; Max LUT depth         ; 2.00                        ;
; Average LUT depth     ; 1.75                        ;
+-----------------------+-----------------------------+


+-------------------------------+
; Elapsed Time Per Partition    ;
+----------------+--------------+
; Partition Name ; Elapsed Time ;
+----------------+--------------+
; Top            ; 00:00:07     ;
+----------------+--------------+


+-------------------------------+
; Analysis & Synthesis Messages ;
+-------------------------------+
Info: *******************************************************************
Info: Running Quartus Prime Analysis & Synthesis
    Info: Version 20.1.0 Build 711 06/05/2020 SJ Lite Edition
    Info: Processing started: Thu Oct 13 17:31:19 2022
Info: Command: quartus_map --read_settings_files=on --write_settings_files=off regFile16by8bit -c regFile16by8bit
Warning (18236): Number of processors has not been specified which may cause overloading on shared machines.  Set the global assignment NUM_PARALLEL_PROCESSORS in your QSF to an appropriate value for best performance.
Info (20030): Parallel compilation is enabled and will use 4 of the 4 processors detected
Info (12021): Found 1 design units, including 1 entities, in source file regfile16by8bit.bdf
    Info (12023): Found entity 1: regFile16by8bit
Info (12127): Elaborating entity "regFile16by8bit" for the top level hierarchy
Warning (12125): Using design file /users/sneha/onedrive/documents/datapath01comp/mux16/mux16.bdf, which is not specified as a design file for the current project, but contains definitions for 1 design units and 1 entities in project
    Info (12023): Found entity 1: MUX16
Info (12128): Elaborating entity "MUX16" for hierarchy "MUX16:inst17"
Warning (12125): Using design file /users/sneha/onedrive/documents/datapath01comp/mux8bit2way/mux8bit2way.bdf, which is not specified as a design file for the current project, but contains definitions for 1 design units and 1 entities in project
    Info (12023): Found entity 1: MUX8bit2way
Info (12128): Elaborating entity "MUX8bit2way" for hierarchy "MUX16:inst17|MUX8bit2way:inst11"
Warning (12125): Using design file /users/sneha/onedrive/documents/datapath01comp/mux_bus/mux_bus.bdf, which is not specified as a design file for the current project, but contains definitions for 1 design units and 1 entities in project
    Info (12023): Found entity 1: MUX_bus
Info (12128): Elaborating entity "MUX_bus" for hierarchy "MUX16:inst17|MUX8bit2way:inst11|MUX_bus:inst"
Warning (12125): Using design file /users/sneha/onedrive/documents/datapath01comp/mux1bits2way/mux1bits2way.bdf, which is not specified as a design file for the current project, but contains definitions for 1 design units and 1 entities in project
    Info (12023): Found entity 1: MUX1BITS2WAY
Info (12128): Elaborating entity "MUX1BITS2WAY" for hierarchy "MUX16:inst17|MUX8bit2way:inst11|MUX_bus:inst|MUX1BITS2WAY:inst"
Warning (12125): Using design file /users/sneha/onedrive/documents/datapath01comp/mux8bit4way/mux8bit4way.bdf, which is not specified as a design file for the current project, but contains definitions for 1 design units and 1 entities in project
    Info (12023): Found entity 1: MUX8bit4way
Info (12128): Elaborating entity "MUX8bit4way" for hierarchy "MUX16:inst17|MUX8bit4way:inst"
Warning (12125): Using design file /users/sneha/onedrive/documents/datapath01comp/reg8bit/reg8bit.bdf, which is not specified as a design file for the current project, but contains definitions for 1 design units and 1 entities in project
    Info (12023): Found entity 1: reg8bit
Info (12128): Elaborating entity "reg8bit" for hierarchy "reg8bit:inst"
Warning (12125): Using design file /users/sneha/onedrive/documents/datapath01comp/reg4bit/reg4bit.bdf, which is not specified as a design file for the current project, but contains definitions for 1 design units and 1 entities in project
    Info (12023): Found entity 1: reg4bit
Info (12128): Elaborating entity "reg4bit" for hierarchy "reg8bit:inst|reg4bit:inst"
Warning (12125): Using design file /users/sneha/onedrive/documents/datapath01comp/dcdr4bit/dcdr4bit.bdf, which is not specified as a design file for the current project, but contains definitions for 1 design units and 1 entities in project
    Info (12023): Found entity 1: dcdr4bit
Info (12128): Elaborating entity "dcdr4bit" for hierarchy "dcdr4bit:inst16"
Warning (12125): Using design file /users/sneha/onedrive/documents/datapath01comp/decoderclkfree/dcdrclkfree.bdf, which is not specified as a design file for the current project, but contains definitions for 1 design units and 1 entities in project
    Info (12023): Found entity 1: dcdrCLKfree
Info (12128): Elaborating entity "dcdrCLKfree" for hierarchy "dcdr4bit:inst16|dcdrCLKfree:inst"
Warning (12125): Using design file /users/sneha/onedrive/documents/datapath01comp/demux8bit16way/demux8bit16way.bdf, which is not specified as a design file for the current project, but contains definitions for 1 design units and 1 entities in project
    Info (12023): Found entity 1: DEMUX8bit16way
Info (12128): Elaborating entity "DEMUX8bit16way" for hierarchy "DEMUX8bit16way:inst19"
Warning (12125): Using design file /users/sneha/onedrive/documents/datapath01comp/demux8bit2way/demux8bit2way.bdf, which is not specified as a design file for the current project, but contains definitions for 1 design units and 1 entities in project
    Info (12023): Found entity 1: DEMUX8BIT2WAY
Info (12128): Elaborating entity "DEMUX8BIT2WAY" for hierarchy "DEMUX8bit16way:inst19|DEMUX8BIT2WAY:inst5"
Warning (12125): Using design file /users/sneha/onedrive/documents/datapath01comp/demux4bit2way/demux4bit2way.bdf, which is not specified as a design file for the current project, but contains definitions for 1 design units and 1 entities in project
    Info (12023): Found entity 1: DEMUX4BIT2WAY
Info (12128): Elaborating entity "DEMUX4BIT2WAY" for hierarchy "DEMUX8bit16way:inst19|DEMUX8BIT2WAY:inst5|DEMUX4BIT2WAY:inst"
Warning (12125): Using design file /users/sneha/onedrive/documents/datapath01comp/demux1i_2o/demux1i_2o.bdf, which is not specified as a design file for the current project, but contains definitions for 1 design units and 1 entities in project
    Info (12023): Found entity 1: DEMUX1I_2O
Info (12128): Elaborating entity "DEMUX1I_2O" for hierarchy "DEMUX8bit16way:inst19|DEMUX8BIT2WAY:inst5|DEMUX4BIT2WAY:inst|DEMUX1I_2O:inst"
Info (286030): Timing-Driven Synthesis is running
Info (16010): Generating hard_block partition "hard_block:auto_generated_inst"
    Info (16011): Adding 0 node(s), including 0 DDIO, 0 PLL, 0 transceiver and 0 LCELL
Info (21057): Implemented 158 device resources after synthesis - the final resource count might be different
    Info (21058): Implemented 22 input pins
    Info (21059): Implemented 16 output pins
    Info (21061): Implemented 120 logic cells
Info: Quartus Prime Analysis & Synthesis was successful. 0 errors, 14 warnings
    Info: Peak virtual memory: 4809 megabytes
    Info: Processing ended: Thu Oct 13 17:31:35 2022
    Info: Elapsed time: 00:00:16
    Info: Total CPU time (on all processors): 00:00:24


