Flow report for regFile16by8bit
Thu Oct 13 23:03:52 2022
Quartus Prime Version 20.1.0 Build 711 06/05/2020 SJ Lite Edition


---------------------
; Table of Contents ;
---------------------
  1. Legal Notice
  2. Flow Summary
  3. Flow Settings
  4. Flow Non-Default Global Settings
  5. Flow Elapsed Time
  6. Flow OS Summary
  7. Flow Log
  8. Flow Messages
  9. Flow Suppressed Messages



----------------
; Legal Notice ;
----------------
Copyright (C) 2020  Intel Corporation. All rights reserved.
Your use of Intel Corporation's design tools, logic functions 
and other software and tools, and any partner logic 
functions, and any output files from any of the foregoing 
(including device programming or simulation files), and any 
associated documentation or information are expressly subject 
to the terms and conditions of the Intel Program License 
Subscription Agreement, the Intel Quartus Prime License Agreement,
the Intel FPGA IP License Agreement, or other applicable license
agreement, including, without limitation, that your use is for
the sole purpose of programming logic devices manufactured by
Intel and sold by Intel or its authorized distributors.  Please
refer to the applicable agreement for further details, at
https://fpgasoftware.intel.com/eula.



+-------------------------------------------------------------------------------+
; Flow Summary                                                                  ;
+---------------------------------+---------------------------------------------+
; Flow Status                     ; Successful - Thu Oct 13 23:03:52 2022       ;
; Quartus Prime Version           ; 20.1.0 Build 711 06/05/2020 SJ Lite Edition ;
; Revision Name                   ; regFile16by8bit                             ;
; Top-level Entity Name           ; regFile16by8bit                             ;
; Family                          ; Cyclone V                                   ;
; Device                          ; 5CEBA2F17A7                                 ;
; Timing Models                   ; Final                                       ;
; Logic utilization (in ALMs)     ; N/A                                         ;
; Total registers                 ; 64                                          ;
; Total pins                      ; 38                                          ;
; Total virtual pins              ; 0                                           ;
; Total block memory bits         ; 0                                           ;
; Total DSP Blocks                ; 0                                           ;
; Total HSSI RX PCSs              ; 0                                           ;
; Total HSSI PMA RX Deserializers ; 0                                           ;
; Total HSSI TX PCSs              ; 0                                           ;
; Total HSSI PMA TX Serializers   ; 0                                           ;
; Total PLLs                      ; 0                                           ;
; Total DLLs                      ; 0                                           ;
+---------------------------------+---------------------------------------------+


+-----------------------------------------+
; Flow Settings                           ;
+-------------------+---------------------+
; Option            ; Setting             ;
+-------------------+---------------------+
; Start date & time ; 10/13/2022 17:31:19 ;
; Main task         ; Compilation         ;
; Revision Name     ; regFile16by8bit     ;
+-------------------+---------------------+


+-----------------------------------------------------------------------------------------------------------------------------+
; Flow Non-Default Global Settings                                                                                            ;
+-------------------------------------+----------------------------------------+---------------+-------------+----------------+
; Assignment Name                     ; Value                                  ; Default Value ; Entity Name ; Section Id     ;
+-------------------------------------+----------------------------------------+---------------+-------------+----------------+
; COMPILER_SIGNATURE_ID               ; 1098578195618.166564267938808          ; --            ; --          ; --             ;
; EDA_OUTPUT_DATA_FORMAT              ; Verilog Hdl                            ; --            ; --          ; eda_simulation ;
; EDA_SIMULATION_TOOL                 ; ModelSim (Verilog)                     ; <None>        ; --          ; --             ;
; EDA_TIME_SCALE                      ; 1 ps                                   ; --            ; --          ; eda_simulation ;
; MAX_CORE_JUNCTION_TEMP              ; 125                                    ; --            ; --          ; --             ;
; MIN_CORE_JUNCTION_TEMP              ; -40                                    ; --            ; --          ; --             ;
; PARTITION_COLOR                     ; -- (Not supported for targeted family) ; --            ; --          ; Top            ;
; PARTITION_FITTER_PRESERVATION_LEVEL ; -- (Not supported for targeted family) ; --            ; --          ; Top            ;
; PARTITION_NETLIST_TYPE              ; -- (Not supported for targeted family) ; --            ; --          ; Top            ;
; POWER_BOARD_THERMAL_MODEL           ; None (CONSERVATIVE)                    ; --            ; --          ; --             ;
; POWER_PRESET_COOLING_SOLUTION       ; 23 MM HEAT SINK WITH 200 LFPM AIRFLOW  ; --            ; --          ; --             ;
; PROJECT_OUTPUT_DIRECTORY            ; output_files                           ; --            ; --          ; --             ;
; SEARCH_PATH                         ; ../decoderclkfree                      ; --            ; --          ; --             ;
; SEARCH_PATH                         ; ../demux1i_2o                          ; --            ; --          ; --             ;
; SEARCH_PATH                         ; ../demux8bit2way                       ; --            ; --          ; --             ;
; SEARCH_PATH                         ; ../demux4bit2way                       ; --            ; --          ; --             ;
; SEARCH_PATH                         ; ../demux8bit16way                      ; --            ; --          ; --             ;
; SEARCH_PATH                         ; ../mux8bit4way                         ; --            ; --          ; --             ;
; SEARCH_PATH                         ; ../mux8bit16way                        ; --            ; --          ; --             ;
; SEARCH_PATH                         ; ../mux16                               ; --            ; --          ; --             ;
; SEARCH_PATH                         ; ../mux1bits2way                        ; --            ; --          ; --             ;
; SEARCH_PATH                         ; ../reg4bit                             ; --            ; --          ; --             ;
; SEARCH_PATH                         ; ../mux_bus                             ; --            ; --          ; --             ;
; SEARCH_PATH                         ; ../reg8bit                             ; --            ; --          ; --             ;
; SEARCH_PATH                         ; ../mux8bit2way                         ; --            ; --          ; --             ;
; SEARCH_PATH                         ; ../dcdr4bit                            ; --            ; --          ; --             ;
+-------------------------------------+----------------------------------------+---------------+-------------+----------------+


+--------------------------------------------------------------------------------------------------------------------------+
; Flow Elapsed Time                                                                                                        ;
+----------------------+--------------+-------------------------+---------------------+------------------------------------+
; Module Name          ; Elapsed Time ; Average Processors Used ; Peak Virtual Memory ; Total CPU Time (on all processors) ;
+----------------------+--------------+-------------------------+---------------------+------------------------------------+
; Analysis & Synthesis ; 00:00:15     ; 1.0                     ; 4809 MB             ; 00:00:24                           ;
; EDA Netlist Writer   ; 00:00:00     ; 1.0                     ; 4713 MB             ; 00:00:00                           ;
; EDA Netlist Writer   ; 00:00:00     ; 1.0                     ; 4716 MB             ; 00:00:00                           ;
; EDA Netlist Writer   ; 00:00:00     ; 1.0                     ; 4717 MB             ; 00:00:01                           ;
; EDA Netlist Writer   ; 00:00:00     ; 1.0                     ; 4716 MB             ; 00:00:00                           ;
; EDA Netlist Writer   ; 00:00:01     ; 1.0                     ; 4717 MB             ; 00:00:00                           ;
; EDA Netlist Writer   ; 00:00:01     ; 1.0                     ; 4716 MB             ; 00:00:00                           ;
; EDA Netlist Writer   ; 00:00:00     ; 1.0                     ; 4717 MB             ; 00:00:00                           ;
; Total                ; 00:00:17     ; --                      ; --                  ; 00:00:25                           ;
+----------------------+--------------+-------------------------+---------------------+------------------------------------+


+------------------------------------------------------------------------------------+
; Flow OS Summary                                                                    ;
+----------------------+------------------+------------+------------+----------------+
; Module Name          ; Machine Hostname ; OS Name    ; OS Version ; Processor type ;
+----------------------+------------------+------------+------------+----------------+
; Analysis & Synthesis ; LAPTOP-G5S1JQ6N  ; Windows 10 ; 10.0       ; x86_64         ;
; EDA Netlist Writer   ; LAPTOP-G5S1JQ6N  ; Windows 10 ; 10.0       ; x86_64         ;
; EDA Netlist Writer   ; LAPTOP-G5S1JQ6N  ; Windows 10 ; 10.0       ; x86_64         ;
; EDA Netlist Writer   ; LAPTOP-G5S1JQ6N  ; Windows 10 ; 10.0       ; x86_64         ;
; EDA Netlist Writer   ; LAPTOP-G5S1JQ6N  ; Windows 10 ; 10.0       ; x86_64         ;
; EDA Netlist Writer   ; LAPTOP-G5S1JQ6N  ; Windows 10 ; 10.0       ; x86_64         ;
; EDA Netlist Writer   ; LAPTOP-G5S1JQ6N  ; Windows 10 ; 10.0       ; x86_64         ;
; EDA Netlist Writer   ; LAPTOP-G5S1JQ6N  ; Windows 10 ; 10.0       ; x86_64         ;
+----------------------+------------------+------------+------------+----------------+


------------
; Flow Log ;
------------
quartus_map --read_settings_files=on --write_settings_files=off regFile16by8bit -c regFile16by8bit
quartus_eda --gen_testbench --tool=modelsim_oem --format=verilog --write_settings_files=off regFile16by8bit -c regFile16by8bit --vector_source=D:/desktop/comARCH/quartus/regFile16by8bit/Waveform1.vwf --testbench_file=D:/desktop/comARCH/quartus/regFile16by8bit/simulation/qsim/Waveform1.vwf.vt
quartus_eda --gen_testbench --tool=modelsim_oem --format=verilog --write_settings_files=off regFile16by8bit -c regFile16by8bit --vector_source=C:/Users/sneha/OneDrive/Documents/DATAPATH01comp/regFile16by8bit/Waveform1.vwf --testbench_file=C:/Users/sneha/OneDrive/Documents/DATAPATH01comp/regFile16by8bit/simulation/qsim/Waveform1.vwf.vt
quartus_eda --write_settings_files=off --simulation=on --functional=on --flatten_buses=off --tool=modelsim_oem --format=verilog --output_directory=C:/Users/sneha/OneDrive/Documents/DATAPATH01comp/regFile16by8bit/simulation/qsim/ regFile16by8bit -c regFile16by8bit
quartus_eda --gen_testbench --tool=modelsim_oem --format=verilog --write_settings_files=off regFile16by8bit -c regFile16by8bit --vector_source=C:/Users/sneha/OneDrive/Documents/DATAPATH01comp/regFile16by8bit/Waveform1.vwf --testbench_file=C:/Users/sneha/OneDrive/Documents/DATAPATH01comp/regFile16by8bit/simulation/qsim/Waveform1.vwf.vt
quartus_eda --write_settings_files=off --simulation=on --functional=on --flatten_buses=off --tool=modelsim_oem --format=verilog --output_directory=C:/Users/sneha/OneDrive/Documents/DATAPATH01comp/regFile16by8bit/simulation/qsim/ regFile16by8bit -c regFile16by8bit
quartus_eda --gen_testbench --tool=modelsim_oem --format=verilog --write_settings_files=off regFile16by8bit -c regFile16by8bit --vector_source=C:/Users/sneha/OneDrive/Documents/DATAPATH01comp/regFile16by8bit/Waveform1.vwf --testbench_file=C:/Users/sneha/OneDrive/Documents/DATAPATH01comp/regFile16by8bit/simulation/qsim/Waveform1.vwf.vt
quartus_eda --write_settings_files=off --simulation=on --functional=on --flatten_buses=off --tool=modelsim_oem --format=verilog --output_directory=C:/Users/sneha/OneDrive/Documents/DATAPATH01comp/regFile16by8bit/simulation/qsim/ regFile16by8bit -c regFile16by8bit



